2025-09-15 14:09:39,551 - INFO - 연구비 처리 자동화 프로그램 시작
2025-09-15 14:09:42,395 - INFO - 파일 로드 성공: C:/Users/BB1/Desktop/업무/연구비자동화/KISS-/test/지출요구 조회_20250710_092131.xlsx
2025-09-15 14:09:42,395 - INFO - 데이터 크기: (46, 23)
2025-09-15 14:09:42,518 - INFO - 데이터 분류 시작
2025-09-15 14:09:42,518 - INFO - 데이터 분류 시작 - 총 46건
2025-09-15 14:09:42,518 - INFO - 분류 완료 - 사업비: 35건, 연구비: 11건, 미분류: 0건
2025-09-15 14:09:42,903 - INFO - 데이터 분류 완료
2025-09-15 14:09:44,202 - INFO - 총액 시트 생성 시작
2025-09-15 14:09:44,202 - INFO - 사업비 집계 결과: 9개 예산과목
2025-09-15 14:09:44,202 - INFO - 연구비 집계 결과: 7개 예산과목
2025-09-15 14:09:44,202 - INFO - 데이터 집계 완료 - 사업비: 9건, 연구비: 7건
2025-09-15 14:09:44,202 - INFO - 전체 계층구조 생성 완료: 21건
2025-09-15 14:09:44,202 - INFO - 전체 계층구조 생성 완료: 21건
2025-09-15 14:09:44,213 - INFO - 지출액 매핑 완료
2025-09-15 14:09:44,214 - INFO - 예산 계산 완료: 21건
2025-09-15 14:09:44,217 - INFO - 총액 행 추가 완료
2025-09-15 14:09:44,217 - INFO - 총액 시트 생성 완료: 22건
2025-09-15 14:09:44,217 - INFO - 2025 차세대 국가대표 스포츠과학지원 사업 예산 현황 대시보드 생성 시작 - 검정색 배경 적용
2025-09-15 14:09:44,222 - INFO - 현대적 High-end Company 대시보드 생성 시작 - 총액 시트 실시간 연동
2025-09-15 14:09:44,222 - INFO - 총액 시트에서 총액 행 위치 찾기 시작
2025-09-15 14:09:44,223 - INFO - 총액 행 위치 찾기 완료 - 행: 23
2025-09-15 14:09:44,234 - INFO - 현대적 High-end Company 대시보드 레이아웃 설정 완료
2025-09-15 14:09:44,239 - INFO - 사업 기본 정보 섹션 생성 완료
2025-09-15 14:09:44,239 - INFO - 현대적 KPI 섹션 생성 시작 - 총액 시트 참조
2025-09-15 14:09:44,239 - INFO - 고급 KPI 카드 생성 완료: 총액 집행률 - =ROUND((총액!E23+총액!F23)/총액!D23*100,1)&"%"
2025-09-15 14:09:44,240 - INFO - 고급 KPI 카드 생성 완료: 인건비제외 집행률 - =IFERROR(ROUND(((총액!E23+총액!F23)-(총액!E2+총액!F2+총액!E3+총액!F3))/(총액!D23-총액!D2-총액!D3)*100,1)&"%","0%")
2025-09-15 14:09:44,240 - INFO - 고급 KPI 카드 생성 완료: 센터 집행률 - =ROUND(총액!E23/총액!D23*100,1)&"%"
2025-09-15 14:09:44,241 - INFO - 고급 KPI 카드 생성 완료: 심층연구 집행률 - =ROUND(총액!F23/총액!D23*100,1)&"%"
2025-09-15 14:09:44,241 - INFO - 고급 KPI 카드 생성 완료: 예산 잔액 - =TEXT(총액!G23,"#,##0")
2025-09-15 14:09:44,242 - INFO - 현대적 차트 섹션 생성 시작 - 총액 시트 참조
2025-09-15 14:09:44,244 - WARNING - 차트 배경색 설정 실패: cannot import name 'RgbColor' from 'openpyxl.drawing.colors' (C:\Users\BB1\miniconda3\envs\research\lib\site-packages\openpyxl\drawing\colors.py)
2025-09-15 14:09:44,244 - INFO - 현대적 예산 vs 집행 차트 생성 완료
2025-09-15 14:09:44,244 - INFO - 대시보드 예산과목별 지표 섹션 생성 시작
2025-09-15 14:09:44,276 - INFO - 예산목 컬럼 병합 처리 시작
2025-09-15 14:09:44,276 - INFO - 예산목 '운영비' 병합 완료: B29:B43
2025-09-15 14:09:44,276 - INFO - 예산목 '여비' 병합 완료: B44:B45
2025-09-15 14:09:44,282 - INFO - 예산목 '업무추진비' 병합 완료: B46:B47
2025-09-15 14:09:44,282 - INFO - 예산목 컬럼 병합 처리 완료
2025-09-15 14:09:44,282 - INFO - 세목 컬럼 병합 처리 시작
2025-09-15 14:09:44,282 - INFO - 세목 '일반수용비' 병합 완료: C29:C32
2025-09-15 14:09:44,284 - INFO - 세목 '공공요금및제세' 병합 완료: C33:C35
2025-09-15 14:09:44,284 - INFO - 세목 '복리후생비' 병합 완료: C40:C41
2025-09-15 14:09:44,286 - INFO - 세목 '일반용역비' 병합 완료: C42:C43
2025-09-15 14:09:44,286 - INFO - 세목 '사업추진비' 병합 완료: C46:C47
2025-09-15 14:09:44,286 - INFO - 세목 컬럼 병합 처리 완료
2025-09-15 14:09:44,288 - INFO - 대시보드 예산과목별 지표 섹션 생성 완료: 21개 항목
2025-09-15 14:09:44,288 - INFO - 현대적 대시보드 스타일링 적용 시작
2025-09-15 14:09:44,422 - INFO - 현대적 대시보드 스타일링 적용 완료
2025-09-15 14:09:44,444 - INFO - 총액 시트 스타일링 적용 완료
2025-09-15 14:09:44,444 - INFO - 총액 시트 생성 완료: 22건
2025-09-15 14:09:44,444 - INFO - 사업비 요약 시트 생성 시작
2025-09-15 14:09:44,447 - INFO - 예산과목별 집계 완료: 9개 항목
2025-09-15 14:09:44,458 - INFO - 예산 계산 완료
2025-09-15 14:09:44,458 - INFO - 사업비 요약 시트 생성 완료: 22건
2025-09-15 14:09:44,476 - INFO - 사업비 요약 시트 스타일링 적용 완료
2025-09-15 14:09:44,481 - INFO - 사업비 요약 시트 생성 완료: 22건
2025-09-15 14:09:44,481 - INFO - 연구비 요약 시트 생성 시작
2025-09-15 14:09:44,481 - INFO - 연구비 데이터 크기: (11, 23)
2025-09-15 14:09:44,481 - INFO - 연구비 데이터 컬럼: ['결의서', '발의일자', '번호', '적요', '작성자', '총지급액', '진행상태코드', '진행상태', '지출기한', '예산본부 부서코드', '예산부서', '지출일자', '결의서구분코드', '결의서구분', '요구부서코드', '요구부서', '내역사업코드', '내역사업', '예산과목코드', '예산과목', '증빙일자', '결재권자', '예산통제자']
2025-09-15 14:09:44,481 - INFO - 적요 샘플: ['25 심층연구(심리경향성) 지급수수료(자문회의)_김용세', '25 심층연구(AI) 지급수수료(공동연구수당)_박상헌(3/3)', '25 심층연구(AI) 지급수수료(자료처리요원)_박상헌(3/3)', '25 심층연구(AI) 회의비(프로그램개발)_박상헌(1011)', '25 심층연구(심리경향성) 회의비(업무협의)_김용세(1002)', '25 심층연구(근골격계) 지급수수료(채용)_박원일(1030)', '25 심층연구(AI) 소모품비(연구관리)_박상헌(1031)', '25 심층연구(AI) 회의비(연구관리)_박상헌(1030)', '25 심층연구(심리가이드북) 도서인쇄비(책자)_김영숙(1219)', '25 심층연구(근골격계) 회의비(결과보고)_박원일(0116)']
2025-09-15 14:09:44,482 - INFO - 사업비 요약 시트 생성 시작
2025-09-15 14:09:44,483 - INFO - 예산과목별 집계 완료: 7개 항목
2025-09-15 14:09:44,492 - INFO - 예산 계산 완료
2025-09-15 14:09:44,492 - INFO - 사업비 요약 시트 생성 완료: 22건
2025-09-15 14:09:44,497 - INFO - 총합 표 크기: (27, 7)
2025-09-15 14:09:44,497 - INFO - 적요 컬럼에서 연구주제/연구자 조합 추출 시작 (총 11건)
2025-09-15 14:09:44,498 - INFO - 조합 추가: (심리경향성, 김용세)
2025-09-15 14:09:44,498 - INFO - 조합 추가: (AI, 박상헌)
2025-09-15 14:09:44,498 - INFO - 조합 추가: (AI, 박상헌)
2025-09-15 14:09:44,498 - INFO - 조합 추가: (AI, 박상헌)
2025-09-15 14:09:44,499 - INFO - 조합 추가: (심리경향성, 김용세)
2025-09-15 14:09:44,499 - INFO - 조합 추가: (근골격계, 박원일)
2025-09-15 14:09:44,499 - INFO - 조합 추가: (AI, 박상헌)
2025-09-15 14:09:44,499 - INFO - 조합 추가: (AI, 박상헌)
2025-09-15 14:09:44,500 - INFO - 조합 추가: (심리가이드북, 김영숙)
2025-09-15 14:09:44,500 - INFO - 조합 추가: (근골격계, 박원일)
2025-09-15 14:09:44,500 - INFO - 조합 추가: (근골격계, 박원일)
2025-09-15 14:09:44,500 - INFO - 최종 추출된 조합: [('AI', '박상헌'), ('근골격계', '박원일'), ('심리가이드북', '김영숙'), ('심리경향성', '김용세')]
2025-09-15 14:09:44,500 - INFO - 추출된 연구주제/연구자 조합: [('AI', '박상헌'), ('근골격계', '박원일'), ('심리가이드북', '김영숙'), ('심리경향성', '김용세')]
2025-09-15 14:09:44,500 - INFO - 개별 표 생성 중: AI - 박상헌
2025-09-15 14:09:44,503 - INFO - 필터링된 데이터 건수: 5
2025-09-15 14:09:44,503 - INFO - 사업비 요약 시트 생성 시작
2025-09-15 14:09:44,505 - INFO - 예산과목별 집계 완료: 4개 항목
2025-09-15 14:09:44,514 - INFO - 예산 계산 완료
2025-09-15 14:09:44,514 - INFO - 사업비 요약 시트 생성 완료: 22건
2025-09-15 14:09:44,518 - INFO - 개별 표 생성 완료: AI - 박상헌
2025-09-15 14:09:44,518 - INFO - 개별 표 생성 중: 근골격계 - 박원일
2025-09-15 14:09:44,520 - INFO - 필터링된 데이터 건수: 3
2025-09-15 14:09:44,520 - INFO - 사업비 요약 시트 생성 시작
2025-09-15 14:09:44,521 - INFO - 예산과목별 집계 완료: 3개 항목
2025-09-15 14:09:44,523 - INFO - 예산 계산 완료
2025-09-15 14:09:44,523 - INFO - 사업비 요약 시트 생성 완료: 22건
2025-09-15 14:09:44,532 - INFO - 개별 표 생성 완료: 근골격계 - 박원일
2025-09-15 14:09:44,532 - INFO - 개별 표 생성 중: 심리가이드북 - 김영숙
2025-09-15 14:09:44,534 - INFO - 필터링된 데이터 건수: 1
2025-09-15 14:09:44,534 - INFO - 사업비 요약 시트 생성 시작
2025-09-15 14:09:44,536 - INFO - 예산과목별 집계 완료: 1개 항목
2025-09-15 14:09:44,542 - INFO - 예산 계산 완료
2025-09-15 14:09:44,542 - INFO - 사업비 요약 시트 생성 완료: 22건
2025-09-15 14:09:44,546 - INFO - 개별 표 생성 완료: 심리가이드북 - 김영숙
2025-09-15 14:09:44,546 - INFO - 개별 표 생성 중: 심리경향성 - 김용세
2025-09-15 14:09:44,548 - INFO - 필터링된 데이터 건수: 2
2025-09-15 14:09:44,548 - INFO - 사업비 요약 시트 생성 시작
2025-09-15 14:09:44,549 - INFO - 예산과목별 집계 완료: 2개 항목
2025-09-15 14:09:44,557 - INFO - 예산 계산 완료
2025-09-15 14:09:44,557 - INFO - 사업비 요약 시트 생성 완료: 22건
2025-09-15 14:09:44,560 - INFO - 개별 표 생성 완료: 심리경향성 - 김용세
2025-09-15 14:09:44,561 - INFO - 총 4개의 개별 표 생성됨
2025-09-15 14:09:44,561 - INFO - 개별 표 개수: 4
2025-09-15 14:09:44,561 - INFO - 연구비 요약 시트 생성 완료: 139건
2025-09-15 14:09:44,573 - INFO - 식별된 표 경계: [('총합', 1, 23), ('AI 박상헌', 30, 52), ('근골격계 박원일', 58, 80), ('심리가이드북 김영숙', 86, 108), ('심리경향성 김용세', 114, 136)]
2025-09-15 14:09:44,580 - INFO - 계산된 예산목 merge 범위: 35개
2025-09-15 14:09:44,584 - INFO - 식별된 표 경계: [('총합', 1, 23), ('AI 박상헌', 30, 52), ('근골격계 박원일', 58, 80), ('심리가이드북 김영숙', 86, 108), ('심리경향성 김용세', 114, 136)]
2025-09-15 14:09:44,592 - INFO - 계산된 세목 merge 범위: 75개
2025-09-15 14:09:44,600 - INFO - 식별된 표 경계: [('총합', 1, 23), ('AI 박상헌', 30, 52), ('근골격계 박원일', 58, 80), ('심리가이드북 김영숙', 86, 108), ('심리경향성 김용세', 114, 136)]
2025-09-15 14:09:44,603 - INFO - 예산과목별 행 매핑 완료: 5개 표
2025-09-15 14:09:44,604 - INFO - 총합 표 Excel 함수 적용 완료
2025-09-15 14:09:44,687 - INFO - 사업비 요약 시트 스타일링 적용 완료
2025-09-15 14:09:44,688 - INFO - 연구비 요약 시트 생성 완료: 139건
2025-09-15 14:09:44,689 - INFO - 발의일자 컬럼 날짜 형식 처리 완료
2025-09-15 14:09:44,692 - INFO - 집행관리(사업비) 시트 생성 완료: 35건
2025-09-15 14:09:44,693 - INFO - 발의일자 컬럼 날짜 형식 처리 완료
2025-09-15 14:09:44,696 - INFO - 집행관리(연구비) 시트 생성 완료: 11건
2025-09-15 14:09:44,696 - INFO - 현재 시트 순서: ['대시보드', '총액', '사업비', '연구비', '집행관리(사업비)', '집행관리(연구비)']
2025-09-15 14:09:44,696 - INFO - 최종 시트 순서: ['대시보드', '총액', '사업비', '연구비', '집행관리(사업비)', '집행관리(연구비)']
2025-09-15 14:09:44,792 - INFO - Excel 파일 출력 완료: C:/Users/BB1/Desktop/업무/연구비자동화/KISS-/test/연구비_집행관리.xlsx
2025-09-15 14:09:44,792 - INFO - xlwings 모듈 import 성공
2025-09-15 14:09:44,792 - INFO - 대화형 피벗 테이블 생성 시작: C:/Users/BB1/Desktop/업무/연구비자동화/KISS-/test/연구비_집행관리.xlsx
2025-09-15 14:09:46,915 - INFO - 예산분석용 세로형 데이터 시트 생성 시작
2025-09-15 14:09:46,930 - INFO - 원본 데이터 범위: $A$1:$H$23, 행 수: 23
2025-09-15 14:09:47,000 - INFO - 새 예산분석데이터 시트 생성: 예산분석데이터
2025-09-15 14:09:49,253 - INFO - 예산분석용 세로형 데이터 생성 완료: 85개 행
2025-09-15 14:09:49,350 - INFO - 예산분석 데이터 시트 저장 완료
2025-09-15 14:09:49,350 - INFO - 세로형 데이터 범위: $A$1:$C$85
2025-09-15 14:09:49,350 - INFO - 소스 데이터 범위: $A$1:$C$85
2025-09-15 14:09:49,370 - INFO - 피벗 테이블 생성 중... 대상: 예산분석데이터 E5
2025-09-15 14:09:49,417 - INFO - 피벗 테이블 기본 구조 생성 완료
2025-09-15 14:09:49,417 - INFO - 필드 배치 시작...
2025-09-15 14:09:49,417 - INFO - 예산과목 필드를 행 필드로 설정 중...
2025-09-15 14:09:49,469 - INFO - 예산과목 행 필드 설정 완료
2025-09-15 14:09:49,469 - INFO - 특성 필드를 열 필드로 설정 중...
2025-09-15 14:09:49,518 - INFO - 특성 열 필드 설정 완료
2025-09-15 14:09:49,518 - INFO - 값 필드를 데이터 필드로 설정 중...
2025-09-15 14:09:49,535 - INFO - 피벗 테이블 사용 가능한 필드들: ['예산과목', '특성', '값2']
2025-09-15 14:09:49,536 - INFO - 사용할 값 필드명: 값2
2025-09-15 14:09:49,621 - INFO - 값 데이터 필드 추가 완료
2025-09-15 14:09:49,622 - INFO - 총합계 행과 열 제거 중...
2025-09-15 14:09:49,627 - INFO - 행 총합계 제거 완료
2025-09-15 14:09:49,650 - INFO - 열 총합계 제거 완료
2025-09-15 14:09:49,650 - INFO - 피벗 테이블 필드 설정 완료
2025-09-15 14:09:49,650 - INFO - 피벗 테이블 필드 구성 완료
2025-09-15 14:09:49,764 - INFO - 대화형 피벗 테이블 생성 완료
2025-09-15 14:09:50,131 - INFO - 대화형 피벗 테이블 추가 완료
2025-09-15 14:09:50,131 - INFO - 연도별 예산 비교 테이블 생성 시작: C:/Users/BB1/Desktop/업무/연구비자동화/KISS-/test/연구비_집행관리.xlsx
2025-09-15 14:09:50,909 - INFO - 연도별 예산 세로형 데이터 시트 생성 시작
2025-09-15 14:09:51,035 - INFO - 새 연도별예산데이터 시트 생성: 연도별예산데이터
2025-09-15 14:09:52,739 - INFO - 연도별 예산 세로형 데이터 생성 완료: 92개 행
2025-09-15 14:09:52,930 - INFO - 연도별 예산 데이터 시트 저장 완료
2025-09-15 14:09:52,946 - INFO - 기존 대시보드 시트 사용
2025-09-15 14:09:52,956 - INFO - 연도별 데이터 범위: $A$1:$C$92
2025-09-15 14:09:52,956 - INFO - 소스 데이터 범위: $A$1:$C$92
2025-09-15 14:09:52,965 - INFO - 연도별 피벗 테이블 생성 중... 대상: 연도별예산데이터 E5
2025-09-15 14:09:53,001 - INFO - 연도별 피벗 테이블 기본 구조 생성 완료
2025-09-15 14:09:53,001 - INFO - 필드 배치 시작...
2025-09-15 14:09:53,001 - INFO - 예산과목 필드를 행 필드로 설정 중...
2025-09-15 14:09:53,070 - INFO - 예산과목 행 필드 설정 완료
2025-09-15 14:09:53,070 - INFO - 연도 필드를 열 필드로 설정 중...
2025-09-15 14:09:53,106 - INFO - 연도 열 필드 설정 완료
2025-09-15 14:09:53,106 - INFO - 예산금액 필드를 데이터 필드로 설정 중...
2025-09-15 14:09:53,123 - INFO - 피벗 테이블 사용 가능한 필드들: ['연도', '예산과목', '예산금액']
2025-09-15 14:09:53,168 - INFO - 예산금액 데이터 필드 추가 완료
2025-09-15 14:09:53,168 - INFO - 총합계 행과 열 제거 중...
2025-09-15 14:09:53,168 - INFO - 행 총합계 제거 완료
2025-09-15 14:09:53,217 - INFO - 열 총합계 제거 완료
2025-09-15 14:09:53,239 - INFO - 피벗 테이블 스타일 적용 완료
2025-09-15 14:09:53,239 - INFO - 연도별 예산 비교 피벗 테이블 생성 완료
2025-09-15 14:09:53,329 - INFO - 대시보드 시트에 연도별 예산 비교 제목 및 안내문 추가 완료
2025-09-15 14:09:53,448 - INFO - 대시보드 시트에 연도별 예산 비교 차트 추가 완료 (B53 정렬)
2025-09-15 14:09:53,543 - INFO - 대시보드 시트에 연도 슬라이서 추가 완료
2025-09-15 14:09:53,616 - INFO - 대시보드 시트에 예산과목 슬라이서 추가 완료
2025-09-15 14:09:53,698 - INFO - 대시보드에 측정항목 슬라이서 추가 완료 (차트 상단)
2025-09-15 14:09:53,701 - INFO - 대시보드에 예산과목 슬라이서 추가 완료 (측정항목 아래)
2025-09-15 14:09:53,701 - INFO - 대시보드에 예산분석 차트와 슬라이서 추가 완료 (측정항목→예산과목 순서)
2025-09-15 14:09:53,789 - INFO - 연도별 예산 비교 테이블 생성 완료 (대시보드 시트에 배치)
2025-09-15 14:09:54,091 - INFO - 연도별 예산 비교 테이블 추가 완료
2025-09-15 14:09:54,091 - INFO - 전체 시트 순서 조정 시작
2025-09-15 14:09:54,950 - INFO - 현재 시트 순서: ['연도별예산데이터', '예산분석데이터', '대시보드', '총액', '사업비', '연구비', '집행관리(사업비)', '집행관리(연구비)']
2025-09-15 14:09:55,500 - INFO - 최종 시트 순서: ['대시보드', '총액', '사업비', '연구비', '집행관리(사업비)', '집행관리(연구비)', '연도별예산데이터', '예산분석데이터']
2025-09-15 14:09:55,581 - INFO - 시트 순서 조정 완료
2025-09-15 14:09:55,799 - INFO - 전체 시트 순서 조정 완료
2025-09-15 14:09:57,572 - INFO - Excel 파일 저장 완료: C:/Users/BB1/Desktop/업무/연구비자동화/KISS-/test/연구비_집행관리.xlsx
2025-09-15 14:10:04,157 - INFO - 연구비 처리 자동화 프로그램 종료
2025-09-15 14:17:20,158 - INFO - 연구비 처리 자동화 프로그램 시작
2025-09-15 14:17:22,223 - INFO - 파일 로드 성공: C:/Users/BB1/Desktop/업무/연구비자동화/KISS-/test/지출요구 조회_20250710_092131.xlsx
2025-09-15 14:17:22,224 - INFO - 데이터 크기: (46, 23)
2025-09-15 14:17:22,384 - INFO - 데이터 분류 시작
2025-09-15 14:17:22,385 - INFO - 데이터 분류 시작 - 총 46건
2025-09-15 14:17:22,391 - INFO - 분류 완료 - 사업비: 35건, 연구비: 11건, 미분류: 0건
2025-09-15 14:17:22,787 - INFO - 데이터 분류 완료
2025-09-15 14:17:23,903 - INFO - 총액 시트 생성 시작
2025-09-15 14:17:23,908 - INFO - 사업비 집계 결과: 9개 예산과목
2025-09-15 14:17:23,909 - INFO - 연구비 집계 결과: 7개 예산과목
2025-09-15 14:17:23,909 - INFO - 데이터 집계 완료 - 사업비: 9건, 연구비: 7건
2025-09-15 14:17:23,909 - INFO - 전체 계층구조 생성 완료: 21건
2025-09-15 14:17:23,909 - INFO - 전체 계층구조 생성 완료: 21건
2025-09-15 14:17:23,913 - INFO - 지출액 매핑 완료
2025-09-15 14:17:23,916 - INFO - 예산 계산 완료: 21건
2025-09-15 14:17:23,917 - INFO - 총액 행 추가 완료
2025-09-15 14:17:23,917 - INFO - 총액 시트 생성 완료: 22건
2025-09-15 14:17:23,918 - INFO - 2025 차세대 국가대표 스포츠과학지원 사업 예산 현황 대시보드 생성 시작 - 검정색 배경 적용
2025-09-15 14:17:23,921 - INFO - 현대적 High-end Company 대시보드 생성 시작 - 총액 시트 실시간 연동
2025-09-15 14:17:23,922 - INFO - 총액 시트에서 총액 행 위치 찾기 시작
2025-09-15 14:17:23,923 - INFO - 총액 행 위치 찾기 완료 - 행: 23
2025-09-15 14:17:23,935 - INFO - 현대적 High-end Company 대시보드 레이아웃 설정 완료
2025-09-15 14:17:23,938 - INFO - 사업 기본 정보 섹션 생성 완료
2025-09-15 14:17:23,939 - INFO - 현대적 KPI 섹션 생성 시작 - 총액 시트 참조
2025-09-15 14:17:23,939 - INFO - 고급 KPI 카드 생성 완료: 총액 집행률 - =ROUND((총액!E23+총액!F23)/총액!D23*100,1)&"%"
2025-09-15 14:17:23,940 - INFO - 고급 KPI 카드 생성 완료: 인건비제외 집행률 - =IFERROR(ROUND(((총액!E23+총액!F23)-(총액!E2+총액!F2+총액!E3+총액!F3))/(총액!D23-총액!D2-총액!D3)*100,1)&"%","0%")
2025-09-15 14:17:23,941 - INFO - 고급 KPI 카드 생성 완료: 센터 집행률 - =ROUND(총액!E23/총액!D23*100,1)&"%"
2025-09-15 14:17:23,942 - INFO - 고급 KPI 카드 생성 완료: 심층연구 집행률 - =ROUND(총액!F23/총액!D23*100,1)&"%"
2025-09-15 14:17:23,942 - INFO - 고급 KPI 카드 생성 완료: 예산 잔액 - =TEXT(총액!G23,"#,##0")
2025-09-15 14:17:23,942 - INFO - 현대적 차트 섹션 생성 시작 - 총액 시트 참조
2025-09-15 14:17:23,946 - WARNING - 차트 배경색 설정 실패: cannot import name 'RgbColor' from 'openpyxl.drawing.colors' (C:\Users\BB1\miniconda3\envs\research\lib\site-packages\openpyxl\drawing\colors.py)
2025-09-15 14:17:23,946 - INFO - 현대적 예산 vs 집행 차트 생성 완료
2025-09-15 14:17:23,946 - INFO - 대시보드 예산과목별 지표 섹션 생성 시작
2025-09-15 14:17:23,980 - INFO - 예산목 컬럼 병합 처리 시작
2025-09-15 14:17:23,982 - INFO - 예산목 '운영비' 병합 완료: B29:B43
2025-09-15 14:17:23,983 - INFO - 예산목 '여비' 병합 완료: B44:B45
2025-09-15 14:17:23,985 - INFO - 예산목 '업무추진비' 병합 완료: B46:B47
2025-09-15 14:17:23,986 - INFO - 예산목 컬럼 병합 처리 완료
2025-09-15 14:17:23,986 - INFO - 세목 컬럼 병합 처리 시작
2025-09-15 14:17:23,987 - INFO - 세목 '일반수용비' 병합 완료: C29:C32
2025-09-15 14:17:23,988 - INFO - 세목 '공공요금및제세' 병합 완료: C33:C35
2025-09-15 14:17:23,989 - INFO - 세목 '복리후생비' 병합 완료: C40:C41
2025-09-15 14:17:23,990 - INFO - 세목 '일반용역비' 병합 완료: C42:C43
2025-09-15 14:17:23,991 - INFO - 세목 '사업추진비' 병합 완료: C46:C47
2025-09-15 14:17:23,991 - INFO - 세목 컬럼 병합 처리 완료
2025-09-15 14:17:23,991 - INFO - 대시보드 예산과목별 지표 섹션 생성 완료: 21개 항목
2025-09-15 14:17:23,991 - INFO - 현대적 대시보드 스타일링 적용 시작
2025-09-15 14:17:24,125 - INFO - 현대적 대시보드 스타일링 적용 완료
2025-09-15 14:17:24,142 - INFO - 총액 시트 스타일링 적용 완료
2025-09-15 14:17:24,142 - INFO - 총액 시트 생성 완료: 22건
2025-09-15 14:17:24,143 - INFO - 사업비 요약 시트 생성 시작
2025-09-15 14:17:24,144 - INFO - 예산과목별 집계 완료: 9개 항목
2025-09-15 14:17:24,155 - INFO - 예산 계산 완료
2025-09-15 14:17:24,156 - INFO - 사업비 요약 시트 생성 완료: 22건
2025-09-15 14:17:24,176 - INFO - 사업비 요약 시트 스타일링 적용 완료
2025-09-15 14:17:24,176 - INFO - 사업비 요약 시트 생성 완료: 22건
2025-09-15 14:17:24,176 - INFO - 연구비 요약 시트 생성 시작
2025-09-15 14:17:24,177 - INFO - 연구비 데이터 크기: (11, 23)
2025-09-15 14:17:24,177 - INFO - 연구비 데이터 컬럼: ['결의서', '발의일자', '번호', '적요', '작성자', '총지급액', '진행상태코드', '진행상태', '지출기한', '예산본부 부서코드', '예산부서', '지출일자', '결의서구분코드', '결의서구분', '요구부서코드', '요구부서', '내역사업코드', '내역사업', '예산과목코드', '예산과목', '증빙일자', '결재권자', '예산통제자']
2025-09-15 14:17:24,177 - INFO - 적요 샘플: ['25 심층연구(심리경향성) 지급수수료(자문회의)_김용세', '25 심층연구(AI) 지급수수료(공동연구수당)_박상헌(3/3)', '25 심층연구(AI) 지급수수료(자료처리요원)_박상헌(3/3)', '25 심층연구(AI) 회의비(프로그램개발)_박상헌(1011)', '25 심층연구(심리경향성) 회의비(업무협의)_김용세(1002)', '25 심층연구(근골격계) 지급수수료(채용)_박원일(1030)', '25 심층연구(AI) 소모품비(연구관리)_박상헌(1031)', '25 심층연구(AI) 회의비(연구관리)_박상헌(1030)', '25 심층연구(심리가이드북) 도서인쇄비(책자)_김영숙(1219)', '25 심층연구(근골격계) 회의비(결과보고)_박원일(0116)']
2025-09-15 14:17:24,177 - INFO - 사업비 요약 시트 생성 시작
2025-09-15 14:17:24,179 - INFO - 예산과목별 집계 완료: 7개 항목
2025-09-15 14:17:24,188 - INFO - 예산 계산 완료
2025-09-15 14:17:24,188 - INFO - 사업비 요약 시트 생성 완료: 22건
2025-09-15 14:17:24,193 - INFO - 총합 표 크기: (27, 7)
2025-09-15 14:17:24,193 - INFO - 적요 컬럼에서 연구주제/연구자 조합 추출 시작 (총 11건)
2025-09-15 14:17:24,194 - INFO - 조합 추가: (심리경향성, 김용세)
2025-09-15 14:17:24,194 - INFO - 조합 추가: (AI, 박상헌)
2025-09-15 14:17:24,194 - INFO - 조합 추가: (AI, 박상헌)
2025-09-15 14:17:24,194 - INFO - 조합 추가: (AI, 박상헌)
2025-09-15 14:17:24,195 - INFO - 조합 추가: (심리경향성, 김용세)
2025-09-15 14:17:24,195 - INFO - 조합 추가: (근골격계, 박원일)
2025-09-15 14:17:24,195 - INFO - 조합 추가: (AI, 박상헌)
2025-09-15 14:17:24,195 - INFO - 조합 추가: (AI, 박상헌)
2025-09-15 14:17:24,195 - INFO - 조합 추가: (심리가이드북, 김영숙)
2025-09-15 14:17:24,196 - INFO - 조합 추가: (근골격계, 박원일)
2025-09-15 14:17:24,196 - INFO - 조합 추가: (근골격계, 박원일)
2025-09-15 14:17:24,196 - INFO - 최종 추출된 조합: [('AI', '박상헌'), ('근골격계', '박원일'), ('심리가이드북', '김영숙'), ('심리경향성', '김용세')]
2025-09-15 14:17:24,196 - INFO - 추출된 연구주제/연구자 조합: [('AI', '박상헌'), ('근골격계', '박원일'), ('심리가이드북', '김영숙'), ('심리경향성', '김용세')]
2025-09-15 14:17:24,196 - INFO - 개별 표 생성 중: AI - 박상헌
2025-09-15 14:17:24,198 - INFO - 필터링된 데이터 건수: 5
2025-09-15 14:17:24,199 - INFO - 사업비 요약 시트 생성 시작
2025-09-15 14:17:24,200 - INFO - 예산과목별 집계 완료: 4개 항목
2025-09-15 14:17:24,211 - INFO - 예산 계산 완료
2025-09-15 14:17:24,211 - INFO - 사업비 요약 시트 생성 완료: 22건
2025-09-15 14:17:24,214 - INFO - 개별 표 생성 완료: AI - 박상헌
2025-09-15 14:17:24,214 - INFO - 개별 표 생성 중: 근골격계 - 박원일
2025-09-15 14:17:24,215 - INFO - 필터링된 데이터 건수: 3
2025-09-15 14:17:24,216 - INFO - 사업비 요약 시트 생성 시작
2025-09-15 14:17:24,217 - INFO - 예산과목별 집계 완료: 3개 항목
2025-09-15 14:17:24,226 - INFO - 예산 계산 완료
2025-09-15 14:17:24,226 - INFO - 사업비 요약 시트 생성 완료: 22건
2025-09-15 14:17:24,229 - INFO - 개별 표 생성 완료: 근골격계 - 박원일
2025-09-15 14:17:24,229 - INFO - 개별 표 생성 중: 심리가이드북 - 김영숙
2025-09-15 14:17:24,231 - INFO - 필터링된 데이터 건수: 1
2025-09-15 14:17:24,231 - INFO - 사업비 요약 시트 생성 시작
2025-09-15 14:17:24,232 - INFO - 예산과목별 집계 완료: 1개 항목
2025-09-15 14:17:24,241 - INFO - 예산 계산 완료
2025-09-15 14:17:24,242 - INFO - 사업비 요약 시트 생성 완료: 22건
2025-09-15 14:17:24,244 - INFO - 개별 표 생성 완료: 심리가이드북 - 김영숙
2025-09-15 14:17:24,244 - INFO - 개별 표 생성 중: 심리경향성 - 김용세
2025-09-15 14:17:24,246 - INFO - 필터링된 데이터 건수: 2
2025-09-15 14:17:24,246 - INFO - 사업비 요약 시트 생성 시작
2025-09-15 14:17:24,247 - INFO - 예산과목별 집계 완료: 2개 항목
2025-09-15 14:17:24,255 - INFO - 예산 계산 완료
2025-09-15 14:17:24,256 - INFO - 사업비 요약 시트 생성 완료: 22건
2025-09-15 14:17:24,258 - INFO - 개별 표 생성 완료: 심리경향성 - 김용세
2025-09-15 14:17:24,259 - INFO - 총 4개의 개별 표 생성됨
2025-09-15 14:17:24,259 - INFO - 개별 표 개수: 4
2025-09-15 14:17:24,259 - INFO - 연구비 요약 시트 생성 완료: 139건
2025-09-15 14:17:24,275 - INFO - 식별된 표 경계: [('총합', 1, 23), ('AI 박상헌', 30, 52), ('근골격계 박원일', 58, 80), ('심리가이드북 김영숙', 86, 108), ('심리경향성 김용세', 114, 136)]
2025-09-15 14:17:24,278 - INFO - 계산된 예산목 merge 범위: 35개
2025-09-15 14:17:24,286 - INFO - 식별된 표 경계: [('총합', 1, 23), ('AI 박상헌', 30, 52), ('근골격계 박원일', 58, 80), ('심리가이드북 김영숙', 86, 108), ('심리경향성 김용세', 114, 136)]
2025-09-15 14:17:24,289 - INFO - 계산된 세목 merge 범위: 75개
2025-09-15 14:17:24,296 - INFO - 식별된 표 경계: [('총합', 1, 23), ('AI 박상헌', 30, 52), ('근골격계 박원일', 58, 80), ('심리가이드북 김영숙', 86, 108), ('심리경향성 김용세', 114, 136)]
2025-09-15 14:17:24,299 - INFO - 예산과목별 행 매핑 완료: 5개 표
2025-09-15 14:17:24,301 - INFO - 총합 표 Excel 함수 적용 완료
2025-09-15 14:17:24,382 - INFO - 사업비 요약 시트 스타일링 적용 완료
2025-09-15 14:17:24,382 - INFO - 연구비 요약 시트 생성 완료: 139건
2025-09-15 14:17:24,383 - INFO - 발의일자 컬럼 날짜 형식 처리 완료
2025-09-15 14:17:24,386 - INFO - 집행관리(사업비) 시트 생성 완료: 35건
2025-09-15 14:17:24,388 - INFO - 발의일자 컬럼 날짜 형식 처리 완료
2025-09-15 14:17:24,392 - INFO - 집행관리(연구비) 시트 생성 완료: 11건
2025-09-15 14:17:24,392 - INFO - 현재 시트 순서: ['대시보드', '총액', '사업비', '연구비', '집행관리(사업비)', '집행관리(연구비)']
2025-09-15 14:17:24,392 - INFO - 최종 시트 순서: ['대시보드', '총액', '사업비', '연구비', '집행관리(사업비)', '집행관리(연구비)']
2025-09-15 14:17:24,503 - INFO - Excel 파일 출력 완료: C:/Users/BB1/Desktop/업무/연구비자동화/KISS-/test/연구비_집행관리.xlsx
2025-09-15 14:17:24,503 - INFO - xlwings 모듈 import 성공
2025-09-15 14:17:24,504 - INFO - 대화형 피벗 테이블 생성 시작: C:/Users/BB1/Desktop/업무/연구비자동화/KISS-/test/연구비_집행관리.xlsx
2025-09-15 14:17:24,504 - ERROR - Excel 애플리케이션 연결 실패: App.__init__() got an unexpected keyword argument 'kill_excel_on_exit'
2025-09-15 14:17:24,504 - INFO - Microsoft Excel이 설치되지 않았거나 접근할 수 없습니다.
2025-09-15 14:17:24,504 - WARNING - 대화형 피벗 테이블 추가 실패
2025-09-15 14:17:24,504 - INFO - 연도별 예산 비교 테이블 생성 시작: C:/Users/BB1/Desktop/업무/연구비자동화/KISS-/test/연구비_집행관리.xlsx
2025-09-15 14:17:26,257 - INFO - 연도별 예산 세로형 데이터 시트 생성 시작
2025-09-15 14:17:26,541 - INFO - 새 연도별예산데이터 시트 생성: 연도별예산데이터
2025-09-15 14:17:28,800 - INFO - 연도별 예산 세로형 데이터 생성 완료: 92개 행
2025-09-15 14:17:28,917 - INFO - 연도별 예산 데이터 시트 저장 완료
2025-09-15 14:17:28,917 - INFO - 기존 대시보드 시트 사용
2025-09-15 14:17:28,936 - INFO - 연도별 데이터 범위: $A$1:$C$92
2025-09-15 14:17:28,936 - INFO - 소스 데이터 범위: $A$1:$C$92
2025-09-15 14:17:28,947 - INFO - 연도별 피벗 테이블 생성 중... 대상: 연도별예산데이터 E5
2025-09-15 14:17:28,993 - INFO - 연도별 피벗 테이블 기본 구조 생성 완료
2025-09-15 14:17:28,993 - INFO - 필드 배치 시작...
2025-09-15 14:17:28,993 - INFO - 예산과목 필드를 행 필드로 설정 중...
2025-09-15 14:17:29,052 - INFO - 예산과목 행 필드 설정 완료
2025-09-15 14:17:29,052 - INFO - 연도 필드를 열 필드로 설정 중...
2025-09-15 14:17:29,113 - INFO - 연도 열 필드 설정 완료
2025-09-15 14:17:29,113 - INFO - 예산금액 필드를 데이터 필드로 설정 중...
2025-09-15 14:17:29,119 - INFO - 피벗 테이블 사용 가능한 필드들: ['연도', '예산과목', '예산금액']
2025-09-15 14:17:29,168 - INFO - 예산금액 데이터 필드 추가 완료
2025-09-15 14:17:29,168 - INFO - 총합계 행과 열 제거 중...
2025-09-15 14:17:29,178 - INFO - 행 총합계 제거 완료
2025-09-15 14:17:29,207 - INFO - 열 총합계 제거 완료
2025-09-15 14:17:29,234 - INFO - 피벗 테이블 스타일 적용 완료
2025-09-15 14:17:29,234 - INFO - 연도별 예산 비교 피벗 테이블 생성 완료
2025-09-15 14:17:29,318 - INFO - 대시보드 시트에 연도별 예산 비교 제목 및 안내문 추가 완료
2025-09-15 14:17:29,467 - INFO - 대시보드 시트에 연도별 예산 비교 차트 추가 완료 (B53 정렬)
2025-09-15 14:17:29,520 - INFO - 대시보드 시트에 연도 슬라이서 추가 완료
2025-09-15 14:17:29,540 - INFO - 대시보드 시트에 예산과목 슬라이서 추가 완료
2025-09-15 14:17:29,585 - WARNING - 시트 '예산분석'을 찾을 수 없습니다. 예산분석 차트/슬라이서 추가를 건너뜁니다.
2025-09-15 14:17:29,667 - INFO - 연도별 예산 비교 테이블 생성 완료 (대시보드 시트에 배치)
2025-09-15 14:17:29,995 - INFO - 연도별 예산 비교 테이블 추가 완료
2025-09-15 14:17:29,995 - INFO - 전체 시트 순서 조정 시작
2025-09-15 14:17:30,867 - INFO - 현재 시트 순서: ['연도별예산데이터', '대시보드', '총액', '사업비', '연구비', '집행관리(사업비)', '집행관리(연구비)']
2025-09-15 14:17:31,334 - INFO - 최종 시트 순서: ['대시보드', '총액', '사업비', '연구비', '집행관리(사업비)', '집행관리(연구비)', '연도별예산데이터']
2025-09-15 14:17:31,434 - INFO - 시트 순서 조정 완료
2025-09-15 14:17:31,685 - INFO - 전체 시트 순서 조정 완료
2025-09-15 14:17:32,875 - INFO - Excel 파일 저장 완료: C:/Users/BB1/Desktop/업무/연구비자동화/KISS-/test/연구비_집행관리.xlsx
2025-09-15 14:18:17,753 - INFO - 연구비 처리 자동화 프로그램 종료
2025-09-15 14:18:19,818 - INFO - 연구비 처리 자동화 프로그램 시작
2025-09-15 14:18:21,697 - INFO - 파일 로드 성공: C:/Users/BB1/Desktop/업무/연구비자동화/KISS-/test/지출요구 조회_20250710_092131.xlsx
2025-09-15 14:18:21,698 - INFO - 데이터 크기: (46, 23)
2025-09-15 14:18:22,120 - INFO - 데이터 분류 시작
2025-09-15 14:18:22,121 - INFO - 데이터 분류 시작 - 총 46건
2025-09-15 14:18:22,123 - INFO - 분류 완료 - 사업비: 35건, 연구비: 11건, 미분류: 0건
2025-09-15 14:18:22,524 - INFO - 데이터 분류 완료
2025-09-15 14:18:23,653 - INFO - 총액 시트 생성 시작
2025-09-15 14:18:23,656 - INFO - 사업비 집계 결과: 9개 예산과목
2025-09-15 14:18:23,656 - INFO - 연구비 집계 결과: 7개 예산과목
2025-09-15 14:18:23,656 - INFO - 데이터 집계 완료 - 사업비: 9건, 연구비: 7건
2025-09-15 14:18:23,657 - INFO - 전체 계층구조 생성 완료: 21건
2025-09-15 14:18:23,657 - INFO - 전체 계층구조 생성 완료: 21건
2025-09-15 14:18:23,661 - INFO - 지출액 매핑 완료
2025-09-15 14:18:23,662 - INFO - 예산 계산 완료: 21건
2025-09-15 14:18:23,663 - INFO - 총액 행 추가 완료
2025-09-15 14:18:23,663 - INFO - 총액 시트 생성 완료: 22건
2025-09-15 14:18:23,663 - INFO - 2025 차세대 국가대표 스포츠과학지원 사업 예산 현황 대시보드 생성 시작 - 검정색 배경 적용
2025-09-15 14:18:23,666 - INFO - 현대적 High-end Company 대시보드 생성 시작 - 총액 시트 실시간 연동
2025-09-15 14:18:23,666 - INFO - 총액 시트에서 총액 행 위치 찾기 시작
2025-09-15 14:18:23,667 - INFO - 총액 행 위치 찾기 완료 - 행: 23
2025-09-15 14:18:23,678 - INFO - 현대적 High-end Company 대시보드 레이아웃 설정 완료
2025-09-15 14:18:23,682 - INFO - 사업 기본 정보 섹션 생성 완료
2025-09-15 14:18:23,682 - INFO - 현대적 KPI 섹션 생성 시작 - 총액 시트 참조
2025-09-15 14:18:23,683 - INFO - 고급 KPI 카드 생성 완료: 총액 집행률 - =ROUND((총액!E23+총액!F23)/총액!D23*100,1)&"%"
2025-09-15 14:18:23,684 - INFO - 고급 KPI 카드 생성 완료: 인건비제외 집행률 - =IFERROR(ROUND(((총액!E23+총액!F23)-(총액!E2+총액!F2+총액!E3+총액!F3))/(총액!D23-총액!D2-총액!D3)*100,1)&"%","0%")
2025-09-15 14:18:23,684 - INFO - 고급 KPI 카드 생성 완료: 센터 집행률 - =ROUND(총액!E23/총액!D23*100,1)&"%"
2025-09-15 14:18:23,684 - INFO - 고급 KPI 카드 생성 완료: 심층연구 집행률 - =ROUND(총액!F23/총액!D23*100,1)&"%"
2025-09-15 14:18:23,685 - INFO - 고급 KPI 카드 생성 완료: 예산 잔액 - =TEXT(총액!G23,"#,##0")
2025-09-15 14:18:23,685 - INFO - 현대적 차트 섹션 생성 시작 - 총액 시트 참조
2025-09-15 14:18:23,689 - WARNING - 차트 배경색 설정 실패: cannot import name 'RgbColor' from 'openpyxl.drawing.colors' (C:\Users\BB1\miniconda3\envs\research\lib\site-packages\openpyxl\drawing\colors.py)
2025-09-15 14:18:23,690 - INFO - 현대적 예산 vs 집행 차트 생성 완료
2025-09-15 14:18:23,690 - INFO - 대시보드 예산과목별 지표 섹션 생성 시작
2025-09-15 14:18:23,721 - INFO - 예산목 컬럼 병합 처리 시작
2025-09-15 14:18:23,724 - INFO - 예산목 '운영비' 병합 완료: B29:B43
2025-09-15 14:18:23,724 - INFO - 예산목 '여비' 병합 완료: B44:B45
2025-09-15 14:18:23,725 - INFO - 예산목 '업무추진비' 병합 완료: B46:B47
2025-09-15 14:18:23,726 - INFO - 예산목 컬럼 병합 처리 완료
2025-09-15 14:18:23,726 - INFO - 세목 컬럼 병합 처리 시작
2025-09-15 14:18:23,727 - INFO - 세목 '일반수용비' 병합 완료: C29:C32
2025-09-15 14:18:23,728 - INFO - 세목 '공공요금및제세' 병합 완료: C33:C35
2025-09-15 14:18:23,729 - INFO - 세목 '복리후생비' 병합 완료: C40:C41
2025-09-15 14:18:23,730 - INFO - 세목 '일반용역비' 병합 완료: C42:C43
2025-09-15 14:18:23,731 - INFO - 세목 '사업추진비' 병합 완료: C46:C47
2025-09-15 14:18:23,731 - INFO - 세목 컬럼 병합 처리 완료
2025-09-15 14:18:23,731 - INFO - 대시보드 예산과목별 지표 섹션 생성 완료: 21개 항목
2025-09-15 14:18:23,731 - INFO - 현대적 대시보드 스타일링 적용 시작
2025-09-15 14:18:23,866 - INFO - 현대적 대시보드 스타일링 적용 완료
2025-09-15 14:18:23,882 - INFO - 총액 시트 스타일링 적용 완료
2025-09-15 14:18:23,883 - INFO - 총액 시트 생성 완료: 22건
2025-09-15 14:18:23,883 - INFO - 사업비 요약 시트 생성 시작
2025-09-15 14:18:23,884 - INFO - 예산과목별 집계 완료: 9개 항목
2025-09-15 14:18:23,892 - INFO - 예산 계산 완료
2025-09-15 14:18:23,894 - INFO - 사업비 요약 시트 생성 완료: 22건
2025-09-15 14:18:23,913 - INFO - 사업비 요약 시트 스타일링 적용 완료
2025-09-15 14:18:23,914 - INFO - 사업비 요약 시트 생성 완료: 22건
2025-09-15 14:18:23,914 - INFO - 연구비 요약 시트 생성 시작
2025-09-15 14:18:23,914 - INFO - 연구비 데이터 크기: (11, 23)
2025-09-15 14:18:23,914 - INFO - 연구비 데이터 컬럼: ['결의서', '발의일자', '번호', '적요', '작성자', '총지급액', '진행상태코드', '진행상태', '지출기한', '예산본부 부서코드', '예산부서', '지출일자', '결의서구분코드', '결의서구분', '요구부서코드', '요구부서', '내역사업코드', '내역사업', '예산과목코드', '예산과목', '증빙일자', '결재권자', '예산통제자']
2025-09-15 14:18:23,914 - INFO - 적요 샘플: ['25 심층연구(심리경향성) 지급수수료(자문회의)_김용세', '25 심층연구(AI) 지급수수료(공동연구수당)_박상헌(3/3)', '25 심층연구(AI) 지급수수료(자료처리요원)_박상헌(3/3)', '25 심층연구(AI) 회의비(프로그램개발)_박상헌(1011)', '25 심층연구(심리경향성) 회의비(업무협의)_김용세(1002)', '25 심층연구(근골격계) 지급수수료(채용)_박원일(1030)', '25 심층연구(AI) 소모품비(연구관리)_박상헌(1031)', '25 심층연구(AI) 회의비(연구관리)_박상헌(1030)', '25 심층연구(심리가이드북) 도서인쇄비(책자)_김영숙(1219)', '25 심층연구(근골격계) 회의비(결과보고)_박원일(0116)']
2025-09-15 14:18:23,914 - INFO - 사업비 요약 시트 생성 시작
2025-09-15 14:18:23,916 - INFO - 예산과목별 집계 완료: 7개 항목
2025-09-15 14:18:23,925 - INFO - 예산 계산 완료
2025-09-15 14:18:23,925 - INFO - 사업비 요약 시트 생성 완료: 22건
2025-09-15 14:18:23,929 - INFO - 총합 표 크기: (27, 7)
2025-09-15 14:18:23,929 - INFO - 적요 컬럼에서 연구주제/연구자 조합 추출 시작 (총 11건)
2025-09-15 14:18:23,930 - INFO - 조합 추가: (심리경향성, 김용세)
2025-09-15 14:18:23,931 - INFO - 조합 추가: (AI, 박상헌)
2025-09-15 14:18:23,931 - INFO - 조합 추가: (AI, 박상헌)
2025-09-15 14:18:23,931 - INFO - 조합 추가: (AI, 박상헌)
2025-09-15 14:18:23,932 - INFO - 조합 추가: (심리경향성, 김용세)
2025-09-15 14:18:23,932 - INFO - 조합 추가: (근골격계, 박원일)
2025-09-15 14:18:23,932 - INFO - 조합 추가: (AI, 박상헌)
2025-09-15 14:18:23,932 - INFO - 조합 추가: (AI, 박상헌)
2025-09-15 14:18:23,932 - INFO - 조합 추가: (심리가이드북, 김영숙)
2025-09-15 14:18:23,933 - INFO - 조합 추가: (근골격계, 박원일)
2025-09-15 14:18:23,933 - INFO - 조합 추가: (근골격계, 박원일)
2025-09-15 14:18:23,933 - INFO - 최종 추출된 조합: [('AI', '박상헌'), ('근골격계', '박원일'), ('심리가이드북', '김영숙'), ('심리경향성', '김용세')]
2025-09-15 14:18:23,933 - INFO - 추출된 연구주제/연구자 조합: [('AI', '박상헌'), ('근골격계', '박원일'), ('심리가이드북', '김영숙'), ('심리경향성', '김용세')]
2025-09-15 14:18:23,934 - INFO - 개별 표 생성 중: AI - 박상헌
2025-09-15 14:18:23,936 - INFO - 필터링된 데이터 건수: 5
2025-09-15 14:18:23,936 - INFO - 사업비 요약 시트 생성 시작
2025-09-15 14:18:23,938 - INFO - 예산과목별 집계 완료: 4개 항목
2025-09-15 14:18:23,947 - INFO - 예산 계산 완료
2025-09-15 14:18:23,947 - INFO - 사업비 요약 시트 생성 완료: 22건
2025-09-15 14:18:23,950 - INFO - 개별 표 생성 완료: AI - 박상헌
2025-09-15 14:18:23,950 - INFO - 개별 표 생성 중: 근골격계 - 박원일
2025-09-15 14:18:23,953 - INFO - 필터링된 데이터 건수: 3
2025-09-15 14:18:23,953 - INFO - 사업비 요약 시트 생성 시작
2025-09-15 14:18:23,956 - INFO - 예산과목별 집계 완료: 3개 항목
2025-09-15 14:18:23,965 - INFO - 예산 계산 완료
2025-09-15 14:18:23,966 - INFO - 사업비 요약 시트 생성 완료: 22건
2025-09-15 14:18:23,970 - INFO - 개별 표 생성 완료: 근골격계 - 박원일
2025-09-15 14:18:23,970 - INFO - 개별 표 생성 중: 심리가이드북 - 김영숙
2025-09-15 14:18:23,971 - INFO - 필터링된 데이터 건수: 1
2025-09-15 14:18:23,972 - INFO - 사업비 요약 시트 생성 시작
2025-09-15 14:18:23,973 - INFO - 예산과목별 집계 완료: 1개 항목
2025-09-15 14:18:23,981 - INFO - 예산 계산 완료
2025-09-15 14:18:23,981 - INFO - 사업비 요약 시트 생성 완료: 22건
2025-09-15 14:18:23,984 - INFO - 개별 표 생성 완료: 심리가이드북 - 김영숙
2025-09-15 14:18:23,984 - INFO - 개별 표 생성 중: 심리경향성 - 김용세
2025-09-15 14:18:23,986 - INFO - 필터링된 데이터 건수: 2
2025-09-15 14:18:23,986 - INFO - 사업비 요약 시트 생성 시작
2025-09-15 14:18:23,988 - INFO - 예산과목별 집계 완료: 2개 항목
2025-09-15 14:18:23,996 - INFO - 예산 계산 완료
2025-09-15 14:18:23,997 - INFO - 사업비 요약 시트 생성 완료: 22건
2025-09-15 14:18:23,999 - INFO - 개별 표 생성 완료: 심리경향성 - 김용세
2025-09-15 14:18:23,999 - INFO - 총 4개의 개별 표 생성됨
2025-09-15 14:18:23,999 - INFO - 개별 표 개수: 4
2025-09-15 14:18:24,000 - INFO - 연구비 요약 시트 생성 완료: 139건
2025-09-15 14:18:24,015 - INFO - 식별된 표 경계: [('총합', 1, 23), ('AI 박상헌', 30, 52), ('근골격계 박원일', 58, 80), ('심리가이드북 김영숙', 86, 108), ('심리경향성 김용세', 114, 136)]
2025-09-15 14:18:24,020 - INFO - 계산된 예산목 merge 범위: 35개
2025-09-15 14:18:24,027 - INFO - 식별된 표 경계: [('총합', 1, 23), ('AI 박상헌', 30, 52), ('근골격계 박원일', 58, 80), ('심리가이드북 김영숙', 86, 108), ('심리경향성 김용세', 114, 136)]
2025-09-15 14:18:24,031 - INFO - 계산된 세목 merge 범위: 75개
2025-09-15 14:18:24,039 - INFO - 식별된 표 경계: [('총합', 1, 23), ('AI 박상헌', 30, 52), ('근골격계 박원일', 58, 80), ('심리가이드북 김영숙', 86, 108), ('심리경향성 김용세', 114, 136)]
2025-09-15 14:18:24,042 - INFO - 예산과목별 행 매핑 완료: 5개 표
2025-09-15 14:18:24,043 - INFO - 총합 표 Excel 함수 적용 완료
2025-09-15 14:18:24,124 - INFO - 사업비 요약 시트 스타일링 적용 완료
2025-09-15 14:18:24,124 - INFO - 연구비 요약 시트 생성 완료: 139건
2025-09-15 14:18:24,126 - INFO - 발의일자 컬럼 날짜 형식 처리 완료
2025-09-15 14:18:24,129 - INFO - 집행관리(사업비) 시트 생성 완료: 35건
2025-09-15 14:18:24,130 - INFO - 발의일자 컬럼 날짜 형식 처리 완료
2025-09-15 14:18:24,134 - INFO - 집행관리(연구비) 시트 생성 완료: 11건
2025-09-15 14:18:24,134 - INFO - 현재 시트 순서: ['대시보드', '총액', '사업비', '연구비', '집행관리(사업비)', '집행관리(연구비)']
2025-09-15 14:18:24,134 - INFO - 최종 시트 순서: ['대시보드', '총액', '사업비', '연구비', '집행관리(사업비)', '집행관리(연구비)']
2025-09-15 14:18:24,236 - INFO - Excel 파일 출력 완료: C:/Users/BB1/Desktop/업무/연구비자동화/KISS-/test/연구비_집행관리.xlsx
2025-09-15 14:18:24,969 - INFO - xlwings 사용 가능 확인
2025-09-15 14:18:24,970 - INFO - 대화형 피벗 테이블 생성 시작: C:/Users/BB1/Desktop/업무/연구비자동화/KISS-/test/연구비_집행관리.xlsx
2025-09-15 14:18:26,462 - INFO - 예산분석용 세로형 데이터 시트 생성 시작
2025-09-15 14:18:26,462 - INFO - 원본 데이터 범위: $A$1:$H$23, 행 수: 23
2025-09-15 14:18:26,524 - INFO - 새 예산분석데이터 시트 생성: 예산분석데이터
2025-09-15 14:18:28,752 - INFO - 예산분석용 세로형 데이터 생성 완료: 85개 행
2025-09-15 14:18:28,802 - INFO - 예산분석 데이터 시트 저장 완료
2025-09-15 14:18:28,820 - INFO - 세로형 데이터 범위: $A$1:$C$85
2025-09-15 14:18:28,820 - INFO - 소스 데이터 범위: $A$1:$C$85
2025-09-15 14:18:28,831 - INFO - 피벗 테이블 생성 중... 대상: 예산분석데이터 E5
2025-09-15 14:18:28,871 - INFO - 피벗 테이블 기본 구조 생성 완료
2025-09-15 14:18:28,871 - INFO - 필드 배치 시작...
2025-09-15 14:18:28,871 - INFO - 예산과목 필드를 행 필드로 설정 중...
2025-09-15 14:18:28,936 - INFO - 예산과목 행 필드 설정 완료
2025-09-15 14:18:28,936 - INFO - 특성 필드를 열 필드로 설정 중...
2025-09-15 14:18:28,975 - INFO - 특성 열 필드 설정 완료
2025-09-15 14:18:28,975 - INFO - 값 필드를 데이터 필드로 설정 중...
2025-09-15 14:18:28,984 - INFO - 피벗 테이블 사용 가능한 필드들: ['예산과목', '특성', '값2']
2025-09-15 14:18:28,984 - INFO - 사용할 값 필드명: 값2
2025-09-15 14:18:29,020 - INFO - 값 데이터 필드 추가 완료
2025-09-15 14:18:29,020 - INFO - 총합계 행과 열 제거 중...
2025-09-15 14:18:29,028 - INFO - 행 총합계 제거 완료
2025-09-15 14:18:29,069 - INFO - 열 총합계 제거 완료
2025-09-15 14:18:29,069 - INFO - 피벗 테이블 필드 설정 완료
2025-09-15 14:18:29,069 - INFO - 피벗 테이블 필드 구성 완료
2025-09-15 14:18:29,233 - INFO - 대화형 피벗 테이블 생성 완료
2025-09-15 14:18:29,551 - INFO - 대화형 피벗 테이블 추가 완료
2025-09-15 14:18:29,551 - INFO - 연도별 예산 비교 테이블 생성 시작: C:/Users/BB1/Desktop/업무/연구비자동화/KISS-/test/연구비_집행관리.xlsx
2025-09-15 14:18:30,368 - INFO - 연도별 예산 세로형 데이터 시트 생성 시작
2025-09-15 14:18:30,499 - INFO - 새 연도별예산데이터 시트 생성: 연도별예산데이터
2025-09-15 14:18:32,117 - INFO - 연도별 예산 세로형 데이터 생성 완료: 92개 행
2025-09-15 14:18:32,320 - INFO - 연도별 예산 데이터 시트 저장 완료
2025-09-15 14:18:32,326 - INFO - 기존 대시보드 시트 사용
2025-09-15 14:18:32,334 - INFO - 연도별 데이터 범위: $A$1:$C$92
2025-09-15 14:18:32,334 - INFO - 소스 데이터 범위: $A$1:$C$92
2025-09-15 14:18:32,345 - INFO - 연도별 피벗 테이블 생성 중... 대상: 연도별예산데이터 E5
2025-09-15 14:18:32,385 - INFO - 연도별 피벗 테이블 기본 구조 생성 완료
2025-09-15 14:18:32,385 - INFO - 필드 배치 시작...
2025-09-15 14:18:32,385 - INFO - 예산과목 필드를 행 필드로 설정 중...
2025-09-15 14:18:32,440 - INFO - 예산과목 행 필드 설정 완료
2025-09-15 14:18:32,440 - INFO - 연도 필드를 열 필드로 설정 중...
2025-09-15 14:18:32,517 - INFO - 연도 열 필드 설정 완료
2025-09-15 14:18:32,517 - INFO - 예산금액 필드를 데이터 필드로 설정 중...
2025-09-15 14:18:32,522 - INFO - 피벗 테이블 사용 가능한 필드들: ['연도', '예산과목', '예산금액']
2025-09-15 14:18:32,569 - INFO - 예산금액 데이터 필드 추가 완료
2025-09-15 14:18:32,569 - INFO - 총합계 행과 열 제거 중...
2025-09-15 14:18:32,569 - INFO - 행 총합계 제거 완료
2025-09-15 14:18:32,624 - INFO - 열 총합계 제거 완료
2025-09-15 14:18:32,641 - INFO - 피벗 테이블 스타일 적용 완료
2025-09-15 14:18:32,641 - INFO - 연도별 예산 비교 피벗 테이블 생성 완료
2025-09-15 14:18:32,739 - INFO - 대시보드 시트에 연도별 예산 비교 제목 및 안내문 추가 완료
2025-09-15 14:18:32,818 - INFO - 대시보드 시트에 연도별 예산 비교 차트 추가 완료 (B53 정렬)
2025-09-15 14:18:32,885 - INFO - 대시보드 시트에 연도 슬라이서 추가 완료
2025-09-15 14:18:32,917 - INFO - 대시보드 시트에 예산과목 슬라이서 추가 완료
2025-09-15 14:18:33,001 - INFO - 대시보드에 측정항목 슬라이서 추가 완료 (차트 상단)
2025-09-15 14:18:33,017 - INFO - 대시보드에 예산과목 슬라이서 추가 완료 (측정항목 아래)
2025-09-15 14:18:33,017 - INFO - 대시보드에 예산분석 차트와 슬라이서 추가 완료 (측정항목→예산과목 순서)
2025-09-15 14:18:33,102 - INFO - 연도별 예산 비교 테이블 생성 완료 (대시보드 시트에 배치)
2025-09-15 14:18:33,420 - INFO - 연도별 예산 비교 테이블 추가 완료
2025-09-15 14:18:33,420 - INFO - 전체 시트 순서 조정 시작
2025-09-15 14:18:34,267 - INFO - 현재 시트 순서: ['연도별예산데이터', '예산분석데이터', '대시보드', '총액', '사업비', '연구비', '집행관리(사업비)', '집행관리(연구비)']
2025-09-15 14:18:34,773 - INFO - 최종 시트 순서: ['대시보드', '총액', '사업비', '연구비', '집행관리(사업비)', '집행관리(연구비)', '연도별예산데이터', '예산분석데이터']
2025-09-15 14:18:34,851 - INFO - 시트 순서 조정 완료
2025-09-15 14:18:35,115 - INFO - 전체 시트 순서 조정 완료
2025-09-15 14:18:36,422 - INFO - Excel 파일 저장 완료: C:/Users/BB1/Desktop/업무/연구비자동화/KISS-/test/연구비_집행관리.xlsx
2025-09-15 14:27:35,654 - INFO - 연구비 처리 자동화 프로그램 종료
2025-09-15 14:33:36,220 - INFO - 연구비 처리 자동화 프로그램 시작
2025-09-15 14:33:38,632 - INFO - 파일 로드 성공: C:/Users/BB1/Desktop/업무/연구비자동화/KISS-/test/지출요구 조회_20250710_092131.xlsx
2025-09-15 14:33:38,632 - INFO - 데이터 크기: (46, 23)
2025-09-15 14:33:38,743 - INFO - 데이터 분류 시작
2025-09-15 14:33:38,743 - INFO - 데이터 분류 시작 - 총 46건
2025-09-15 14:33:38,743 - INFO - 분류 완료 - 사업비: 35건, 연구비: 11건, 미분류: 0건
2025-09-15 14:33:39,142 - INFO - 데이터 분류 완료
2025-09-15 14:33:40,563 - INFO - 총액 시트 생성 시작
2025-09-15 14:33:40,569 - INFO - 사업비 집계 결과: 9개 예산과목
2025-09-15 14:33:40,569 - INFO - 연구비 집계 결과: 7개 예산과목
2025-09-15 14:33:40,569 - INFO - 데이터 집계 완료 - 사업비: 9건, 연구비: 7건
2025-09-15 14:33:40,569 - INFO - 전체 계층구조 생성 완료: 21건
2025-09-15 14:33:40,572 - INFO - 전체 계층구조 생성 완료: 21건
2025-09-15 14:33:40,575 - INFO - 지출액 매핑 완료
2025-09-15 14:33:40,578 - INFO - 예산 계산 완료: 21건
2025-09-15 14:33:40,578 - INFO - 총액 행 추가 완료
2025-09-15 14:33:40,578 - INFO - 총액 시트 생성 완료: 22건
2025-09-15 14:33:40,578 - INFO - 2025 차세대 국가대표 스포츠과학지원 사업 예산 현황 대시보드 생성 시작 - 검정색 배경 적용
2025-09-15 14:33:40,578 - INFO - 현대적 High-end Company 대시보드 생성 시작 - 총액 시트 실시간 연동
2025-09-15 14:33:40,583 - INFO - 총액 시트에서 총액 행 위치 찾기 시작
2025-09-15 14:33:40,583 - INFO - 총액 행 위치 찾기 완료 - 행: 23
2025-09-15 14:33:40,594 - INFO - 현대적 High-end Company 대시보드 레이아웃 설정 완료
2025-09-15 14:33:40,597 - INFO - 사업 기본 정보 섹션 생성 완료
2025-09-15 14:33:40,597 - INFO - 현대적 KPI 섹션 생성 시작 - 총액 시트 참조
2025-09-15 14:33:40,598 - INFO - 고급 KPI 카드 생성 완료: 총액 집행률 - =ROUND((총액!E23+총액!F23)/총액!D23*100,1)&"%"
2025-09-15 14:33:40,599 - INFO - 고급 KPI 카드 생성 완료: 인건비제외 집행률 - =IFERROR(ROUND(((총액!E23+총액!F23)-(총액!E2+총액!F2+총액!E3+총액!F3))/(총액!D23-총액!D2-총액!D3)*100,1)&"%","0%")
2025-09-15 14:33:40,599 - INFO - 고급 KPI 카드 생성 완료: 센터 집행률 - =ROUND(총액!E23/총액!D23*100,1)&"%"
2025-09-15 14:33:40,600 - INFO - 고급 KPI 카드 생성 완료: 심층연구 집행률 - =ROUND(총액!F23/총액!D23*100,1)&"%"
2025-09-15 14:33:40,600 - INFO - 고급 KPI 카드 생성 완료: 예산 잔액 - =TEXT(총액!G23,"#,##0")
2025-09-15 14:33:40,600 - INFO - 현대적 차트 섹션 생성 시작 - 총액 시트 참조
2025-09-15 14:33:40,605 - WARNING - 차트 배경색 설정 실패: cannot import name 'RgbColor' from 'openpyxl.drawing.colors' (C:\Users\BB1\miniconda3\envs\research\lib\site-packages\openpyxl\drawing\colors.py)
2025-09-15 14:33:40,605 - INFO - 현대적 예산 vs 집행 차트 생성 완료
2025-09-15 14:33:40,605 - INFO - 대시보드 예산과목별 지표 섹션 생성 시작
2025-09-15 14:33:40,637 - INFO - 예산목 컬럼 병합 처리 시작
2025-09-15 14:33:40,640 - INFO - 예산목 '운영비' 병합 완료: B29:B43
2025-09-15 14:33:40,641 - INFO - 예산목 '여비' 병합 완료: B44:B45
2025-09-15 14:33:40,642 - INFO - 예산목 '업무추진비' 병합 완료: B46:B47
2025-09-15 14:33:40,642 - INFO - 예산목 컬럼 병합 처리 완료
2025-09-15 14:33:40,642 - INFO - 세목 컬럼 병합 처리 시작
2025-09-15 14:33:40,643 - INFO - 세목 '일반수용비' 병합 완료: C29:C32
2025-09-15 14:33:40,644 - INFO - 세목 '공공요금및제세' 병합 완료: C33:C35
2025-09-15 14:33:40,645 - INFO - 세목 '복리후생비' 병합 완료: C40:C41
2025-09-15 14:33:40,646 - INFO - 세목 '일반용역비' 병합 완료: C42:C43
2025-09-15 14:33:40,647 - INFO - 세목 '사업추진비' 병합 완료: C46:C47
2025-09-15 14:33:40,647 - INFO - 세목 컬럼 병합 처리 완료
2025-09-15 14:33:40,647 - INFO - 대시보드 예산과목별 지표 섹션 생성 완료: 21개 항목
2025-09-15 14:33:40,647 - INFO - 현대적 대시보드 스타일링 적용 시작
2025-09-15 14:33:40,773 - INFO - 현대적 대시보드 스타일링 적용 완료
2025-09-15 14:33:40,794 - INFO - 총액 시트 스타일링 적용 완료
2025-09-15 14:33:40,794 - INFO - 총액 시트 생성 완료: 22건
2025-09-15 14:33:40,794 - INFO - 사업비 요약 시트 생성 시작
2025-09-15 14:33:40,800 - INFO - 예산과목별 집계 완료: 9개 항목
2025-09-15 14:33:40,804 - INFO - 예산 계산 완료
2025-09-15 14:33:40,804 - INFO - 사업비 요약 시트 생성 완료: 22건
2025-09-15 14:33:40,833 - INFO - 사업비 요약 시트 스타일링 적용 완료
2025-09-15 14:33:40,833 - INFO - 사업비 요약 시트 생성 완료: 22건
2025-09-15 14:33:40,833 - INFO - 연구비 요약 시트 생성 시작
2025-09-15 14:33:40,833 - INFO - 연구비 데이터 크기: (11, 23)
2025-09-15 14:33:40,833 - INFO - 연구비 데이터 컬럼: ['결의서', '발의일자', '번호', '적요', '작성자', '총지급액', '진행상태코드', '진행상태', '지출기한', '예산본부 부서코드', '예산부서', '지출일자', '결의서구분코드', '결의서구분', '요구부서코드', '요구부서', '내역사업코드', '내역사업', '예산과목코드', '예산과목', '증빙일자', '결재권자', '예산통제자']
2025-09-15 14:33:40,833 - INFO - 적요 샘플: ['25 심층연구(심리경향성) 지급수수료(자문회의)_김용세', '25 심층연구(AI) 지급수수료(공동연구수당)_박상헌(3/3)', '25 심층연구(AI) 지급수수료(자료처리요원)_박상헌(3/3)', '25 심층연구(AI) 회의비(프로그램개발)_박상헌(1011)', '25 심층연구(심리경향성) 회의비(업무협의)_김용세(1002)', '25 심층연구(근골격계) 지급수수료(채용)_박원일(1030)', '25 심층연구(AI) 소모품비(연구관리)_박상헌(1031)', '25 심층연구(AI) 회의비(연구관리)_박상헌(1030)', '25 심층연구(심리가이드북) 도서인쇄비(책자)_김영숙(1219)', '25 심층연구(근골격계) 회의비(결과보고)_박원일(0116)']
2025-09-15 14:33:40,834 - INFO - 사업비 요약 시트 생성 시작
2025-09-15 14:33:40,836 - INFO - 예산과목별 집계 완료: 7개 항목
2025-09-15 14:33:40,845 - INFO - 예산 계산 완료
2025-09-15 14:33:40,845 - INFO - 사업비 요약 시트 생성 완료: 22건
2025-09-15 14:33:40,851 - INFO - 총합 표 크기: (27, 7)
2025-09-15 14:33:40,851 - INFO - 적요 컬럼에서 연구주제/연구자 조합 추출 시작 (총 11건)
2025-09-15 14:33:40,852 - INFO - 조합 추가: (심리경향성, 김용세)
2025-09-15 14:33:40,852 - INFO - 조합 추가: (AI, 박상헌)
2025-09-15 14:33:40,852 - INFO - 조합 추가: (AI, 박상헌)
2025-09-15 14:33:40,853 - INFO - 조합 추가: (AI, 박상헌)
2025-09-15 14:33:40,853 - INFO - 조합 추가: (심리경향성, 김용세)
2025-09-15 14:33:40,853 - INFO - 조합 추가: (근골격계, 박원일)
2025-09-15 14:33:40,854 - INFO - 조합 추가: (AI, 박상헌)
2025-09-15 14:33:40,854 - INFO - 조합 추가: (AI, 박상헌)
2025-09-15 14:33:40,854 - INFO - 조합 추가: (심리가이드북, 김영숙)
2025-09-15 14:33:40,854 - INFO - 조합 추가: (근골격계, 박원일)
2025-09-15 14:33:40,854 - INFO - 조합 추가: (근골격계, 박원일)
2025-09-15 14:33:40,854 - INFO - 최종 추출된 조합: [('AI', '박상헌'), ('근골격계', '박원일'), ('심리가이드북', '김영숙'), ('심리경향성', '김용세')]
2025-09-15 14:33:40,854 - INFO - 추출된 연구주제/연구자 조합: [('AI', '박상헌'), ('근골격계', '박원일'), ('심리가이드북', '김영숙'), ('심리경향성', '김용세')]
2025-09-15 14:33:40,854 - INFO - 개별 표 생성 중: AI - 박상헌
2025-09-15 14:33:40,856 - INFO - 필터링된 데이터 건수: 5
2025-09-15 14:33:40,856 - INFO - 사업비 요약 시트 생성 시작
2025-09-15 14:33:40,858 - INFO - 예산과목별 집계 완료: 4개 항목
2025-09-15 14:33:40,866 - INFO - 예산 계산 완료
2025-09-15 14:33:40,866 - INFO - 사업비 요약 시트 생성 완료: 22건
2025-09-15 14:33:40,870 - INFO - 개별 표 생성 완료: AI - 박상헌
2025-09-15 14:33:40,870 - INFO - 개별 표 생성 중: 근골격계 - 박원일
2025-09-15 14:33:40,872 - INFO - 필터링된 데이터 건수: 3
2025-09-15 14:33:40,872 - INFO - 사업비 요약 시트 생성 시작
2025-09-15 14:33:40,873 - INFO - 예산과목별 집계 완료: 3개 항목
2025-09-15 14:33:40,873 - INFO - 예산 계산 완료
2025-09-15 14:33:40,873 - INFO - 사업비 요약 시트 생성 완료: 22건
2025-09-15 14:33:40,884 - INFO - 개별 표 생성 완료: 근골격계 - 박원일
2025-09-15 14:33:40,885 - INFO - 개별 표 생성 중: 심리가이드북 - 김영숙
2025-09-15 14:33:40,887 - INFO - 필터링된 데이터 건수: 1
2025-09-15 14:33:40,887 - INFO - 사업비 요약 시트 생성 시작
2025-09-15 14:33:40,888 - INFO - 예산과목별 집계 완료: 1개 항목
2025-09-15 14:33:40,894 - INFO - 예산 계산 완료
2025-09-15 14:33:40,894 - INFO - 사업비 요약 시트 생성 완료: 22건
2025-09-15 14:33:40,894 - INFO - 개별 표 생성 완료: 심리가이드북 - 김영숙
2025-09-15 14:33:40,894 - INFO - 개별 표 생성 중: 심리경향성 - 김용세
2025-09-15 14:33:40,894 - INFO - 필터링된 데이터 건수: 2
2025-09-15 14:33:40,894 - INFO - 사업비 요약 시트 생성 시작
2025-09-15 14:33:40,894 - INFO - 예산과목별 집계 완료: 2개 항목
2025-09-15 14:33:40,908 - INFO - 예산 계산 완료
2025-09-15 14:33:40,908 - INFO - 사업비 요약 시트 생성 완료: 22건
2025-09-15 14:33:40,913 - INFO - 개별 표 생성 완료: 심리경향성 - 김용세
2025-09-15 14:33:40,913 - INFO - 총 4개의 개별 표 생성됨
2025-09-15 14:33:40,913 - INFO - 개별 표 개수: 4
2025-09-15 14:33:40,914 - INFO - 연구비 요약 시트 생성 완료: 139건
2025-09-15 14:33:40,926 - INFO - 식별된 표 경계: [('총합', 1, 23), ('AI 박상헌', 30, 52), ('근골격계 박원일', 58, 80), ('심리가이드북 김영숙', 86, 108), ('심리경향성 김용세', 114, 136)]
2025-09-15 14:33:40,932 - INFO - 계산된 예산목 merge 범위: 35개
2025-09-15 14:33:40,936 - INFO - 식별된 표 경계: [('총합', 1, 23), ('AI 박상헌', 30, 52), ('근골격계 박원일', 58, 80), ('심리가이드북 김영숙', 86, 108), ('심리경향성 김용세', 114, 136)]
2025-09-15 14:33:40,942 - INFO - 계산된 세목 merge 범위: 75개
2025-09-15 14:33:40,945 - INFO - 식별된 표 경계: [('총합', 1, 23), ('AI 박상헌', 30, 52), ('근골격계 박원일', 58, 80), ('심리가이드북 김영숙', 86, 108), ('심리경향성 김용세', 114, 136)]
2025-09-15 14:33:40,952 - INFO - 예산과목별 행 매핑 완료: 5개 표
2025-09-15 14:33:40,953 - INFO - 총합 표 Excel 함수 적용 완료
2025-09-15 14:33:41,035 - INFO - 사업비 요약 시트 스타일링 적용 완료
2025-09-15 14:33:41,035 - INFO - 연구비 요약 시트 생성 완료: 139건
2025-09-15 14:33:41,035 - INFO - 발의일자 컬럼 날짜 형식 처리 완료
2025-09-15 14:33:41,043 - INFO - 집행관리(사업비) 시트 생성 완료: 35건
2025-09-15 14:33:41,045 - INFO - 발의일자 컬럼 날짜 형식 처리 완료
2025-09-15 14:33:41,048 - INFO - 집행관리(연구비) 시트 생성 완료: 11건
2025-09-15 14:33:41,048 - INFO - 현재 시트 순서: ['대시보드', '총액', '사업비', '연구비', '집행관리(사업비)', '집행관리(연구비)']
2025-09-15 14:33:41,048 - INFO - 최종 시트 순서: ['대시보드', '총액', '사업비', '연구비', '집행관리(사업비)', '집행관리(연구비)']
2025-09-15 14:33:41,136 - INFO - Excel 파일 출력 완료: C:/Users/BB1/Desktop/업무/연구비자동화/KISS-/test/연구비_집행관리.xlsx
2025-09-15 14:33:42,207 - INFO - xlwings 사용 가능 확인
2025-09-15 14:33:42,207 - INFO - 대화형 피벗 테이블 생성 시작: C:/Users/BB1/Desktop/업무/연구비자동화/KISS-/test/연구비_집행관리.xlsx
2025-09-15 14:33:43,964 - INFO - 예산분석용 세로형 데이터 시트 생성 시작
2025-09-15 14:33:43,996 - INFO - 원본 데이터 범위: $A$1:$H$23, 행 수: 23
2025-09-15 14:33:44,063 - INFO - 새 예산분석데이터 시트 생성: 예산분석데이터
2025-09-15 14:33:46,964 - INFO - 예산분석용 세로형 데이터 생성 완료: 85개 행
2025-09-15 14:33:47,086 - INFO - 예산분석 데이터 시트 저장 완료
2025-09-15 14:33:47,108 - INFO - 세로형 데이터 범위: $A$1:$C$85
2025-09-15 14:33:47,109 - INFO - 소스 데이터 범위: $A$1:$C$85
2025-09-15 14:33:47,111 - INFO - 피벗 테이블 생성 중... 대상: 예산분석데이터 E5
2025-09-15 14:33:47,169 - INFO - 피벗 테이블 기본 구조 생성 완료
2025-09-15 14:33:47,169 - INFO - 필드 배치 시작...
2025-09-15 14:33:47,169 - INFO - 예산과목 필드를 행 필드로 설정 중...
2025-09-15 14:33:47,220 - INFO - 예산과목 행 필드 설정 완료
2025-09-15 14:33:47,220 - INFO - 특성 필드를 열 필드로 설정 중...
2025-09-15 14:33:47,270 - INFO - 특성 열 필드 설정 완료
2025-09-15 14:33:47,270 - INFO - 값 필드를 데이터 필드로 설정 중...
2025-09-15 14:33:47,287 - INFO - 피벗 테이블 사용 가능한 필드들: ['예산과목', '특성', '값2']
2025-09-15 14:33:47,287 - INFO - 사용할 값 필드명: 값2
2025-09-15 14:33:47,325 - INFO - 값 데이터 필드 추가 완료
2025-09-15 14:33:47,325 - INFO - 총합계 행과 열 제거 중...
2025-09-15 14:33:47,337 - INFO - 행 총합계 제거 완료
2025-09-15 14:33:47,387 - INFO - 열 총합계 제거 완료
2025-09-15 14:33:47,387 - INFO - 피벗 테이블 필드 설정 완료
2025-09-15 14:33:47,387 - INFO - 피벗 테이블 필드 구성 완료
2025-09-15 14:33:47,567 - INFO - 대화형 피벗 테이블 생성 완료
2025-09-15 14:33:47,918 - INFO - 대화형 피벗 테이블 추가 완료
2025-09-15 14:33:47,918 - INFO - 연도별 예산 비교 테이블 생성 시작: C:/Users/BB1/Desktop/업무/연구비자동화/KISS-/test/연구비_집행관리.xlsx
2025-09-15 14:33:48,744 - INFO - 연도별 예산 세로형 데이터 시트 생성 시작
2025-09-15 14:33:48,882 - INFO - 새 연도별예산데이터 시트 생성: 연도별예산데이터
2025-09-15 14:33:50,982 - INFO - 연도별 예산 세로형 데이터 생성 완료: 92개 행
2025-09-15 14:33:51,168 - INFO - 연도별 예산 데이터 시트 저장 완료
2025-09-15 14:33:51,188 - INFO - 기존 대시보드 시트 사용
2025-09-15 14:33:51,194 - INFO - 연도별 데이터 범위: $A$1:$C$92
2025-09-15 14:33:51,202 - INFO - 소스 데이터 범위: $A$1:$C$92
2025-09-15 14:33:51,205 - INFO - 연도별 피벗 테이블 생성 중... 대상: 연도별예산데이터 E5
2025-09-15 14:33:51,254 - INFO - 연도별 피벗 테이블 기본 구조 생성 완료
2025-09-15 14:33:51,254 - INFO - 필드 배치 시작...
2025-09-15 14:33:51,254 - INFO - 예산과목 필드를 행 필드로 설정 중...
2025-09-15 14:33:51,300 - INFO - 예산과목 행 필드 설정 완료
2025-09-15 14:33:51,300 - INFO - 연도 필드를 열 필드로 설정 중...
2025-09-15 14:33:51,342 - INFO - 연도 열 필드 설정 완료
2025-09-15 14:33:51,342 - INFO - 예산금액 필드를 데이터 필드로 설정 중...
2025-09-15 14:33:51,392 - INFO - 피벗 테이블 사용 가능한 필드들: ['연도', '예산과목', '예산금액']
2025-09-15 14:33:51,453 - INFO - 예산금액 데이터 필드 추가 완료
2025-09-15 14:33:51,453 - INFO - 총합계 행과 열 제거 중...
2025-09-15 14:33:51,453 - INFO - 행 총합계 제거 완료
2025-09-15 14:33:51,520 - INFO - 열 총합계 제거 완료
2025-09-15 14:33:51,544 - INFO - 피벗 테이블 스타일 적용 완료
2025-09-15 14:33:51,544 - INFO - 연도별 예산 비교 피벗 테이블 생성 완료
2025-09-15 14:33:51,660 - INFO - 대시보드 시트에 연도별 예산 비교 제목 및 안내문 추가 완료
2025-09-15 14:33:51,782 - INFO - 대시보드 시트에 연도별 예산 비교 차트 추가 완료 (B53 정렬)
2025-09-15 14:33:51,871 - INFO - 대시보드 시트에 연도 슬라이서 추가 완료
2025-09-15 14:33:51,903 - INFO - 대시보드 시트에 예산과목 슬라이서 추가 완료
2025-09-15 14:33:51,989 - INFO - 대시보드에 측정항목 슬라이서 추가 완료 (차트 상단)
2025-09-15 14:33:52,005 - INFO - 대시보드에 예산과목 슬라이서 추가 완료 (측정항목 아래)
2025-09-15 14:33:52,005 - INFO - 대시보드에 예산분석 차트와 슬라이서 추가 완료 (측정항목→예산과목 순서)
2025-09-15 14:33:52,117 - INFO - 연도별 예산 비교 테이블 생성 완료 (대시보드 시트에 배치)
2025-09-15 14:33:52,359 - INFO - 연도별 예산 비교 테이블 추가 완료
2025-09-15 14:33:52,359 - INFO - 전체 시트 순서 조정 시작
2025-09-15 14:33:53,236 - INFO - 현재 시트 순서: ['연도별예산데이터', '예산분석데이터', '대시보드', '총액', '사업비', '연구비', '집행관리(사업비)', '집행관리(연구비)']
2025-09-15 14:33:53,772 - INFO - 최종 시트 순서: ['대시보드', '총액', '사업비', '연구비', '집행관리(사업비)', '집행관리(연구비)', '연도별예산데이터', '예산분석데이터']
2025-09-15 14:33:53,868 - INFO - 시트 순서 조정 완료
2025-09-15 14:33:54,127 - INFO - 전체 시트 순서 조정 완료
2025-09-15 14:33:55,067 - INFO - Excel 파일 저장 완료: C:/Users/BB1/Desktop/업무/연구비자동화/KISS-/test/연구비_집행관리.xlsx
2025-09-15 14:34:08,759 - INFO - 연구비 처리 자동화 프로그램 종료
2025-09-15 14:40:02,886 - INFO - 연구비 처리 자동화 프로그램 시작
2025-09-15 14:40:04,237 - INFO - 연구비 처리 자동화 프로그램 종료
