2025-09-15 14:41:54,154 - INFO - 연구비 처리 자동화 프로그램 시작
2025-09-15 14:42:23,531 - INFO - 파일 로드 성공: C:/Users/BB1/Desktop/업무/연구비자동화/KISS-/test/지출요구 조회_20250710_092131.xlsx
2025-09-15 14:42:23,531 - INFO - 데이터 크기: (46, 23)
2025-09-15 14:42:23,627 - INFO - 데이터 분류 시작
2025-09-15 14:42:23,627 - INFO - 데이터 분류 시작 - 총 46건
2025-09-15 14:42:23,627 - INFO - 분류 완료 - 사업비: 35건, 연구비: 11건, 미분류: 0건
2025-09-15 14:42:24,038 - INFO - 데이터 분류 완료
2025-09-15 14:42:25,313 - INFO - 총액 시트 생성 시작
2025-09-15 14:42:25,313 - INFO - 사업비 집계 결과: 9개 예산과목
2025-09-15 14:42:25,313 - INFO - 연구비 집계 결과: 7개 예산과목
2025-09-15 14:42:25,319 - INFO - 데이터 집계 완료 - 사업비: 9건, 연구비: 7건
2025-09-15 14:42:25,319 - INFO - 전체 계층구조 생성 완료: 21건
2025-09-15 14:42:25,319 - INFO - 전체 계층구조 생성 완료: 21건
2025-09-15 14:42:25,319 - INFO - 지출액 매핑 완료
2025-09-15 14:42:25,319 - INFO - 예산 계산 완료: 21건
2025-09-15 14:42:25,319 - INFO - 총액 행 추가 완료
2025-09-15 14:42:25,319 - INFO - 총액 시트 생성 완료: 22건
2025-09-15 14:42:25,319 - INFO - 2025 차세대 국가대표 스포츠과학지원 사업 예산 현황 대시보드 생성 시작 - 검정색 배경 적용
2025-09-15 14:42:25,319 - INFO - 현대적 High-end Company 대시보드 생성 시작 - 총액 시트 실시간 연동
2025-09-15 14:42:25,319 - INFO - 총액 시트에서 총액 행 위치 찾기 시작
2025-09-15 14:42:25,319 - INFO - 총액 행 위치 찾기 완료 - 행: 23
2025-09-15 14:42:25,339 - INFO - 현대적 High-end Company 대시보드 레이아웃 설정 완료
2025-09-15 14:42:25,339 - INFO - 사업 기본 정보 섹션 생성 완료
2025-09-15 14:42:25,339 - INFO - 현대적 KPI 섹션 생성 시작 - 총액 시트 참조
2025-09-15 14:42:25,339 - INFO - 고급 KPI 카드 생성 완료: 총액 집행률 - =ROUND((총액!E23+총액!F23)/총액!D23*100,1)&"%"
2025-09-15 14:42:25,339 - INFO - 고급 KPI 카드 생성 완료: 인건비제외 집행률 - =IFERROR(ROUND(((총액!E23+총액!F23)-(총액!E2+총액!F2+총액!E3+총액!F3))/(총액!D23-총액!D2-총액!D3)*100,1)&"%","0%")
2025-09-15 14:42:25,339 - INFO - 고급 KPI 카드 생성 완료: 센터 집행률 - =ROUND(총액!E23/총액!D23*100,1)&"%"
2025-09-15 14:42:25,339 - INFO - 고급 KPI 카드 생성 완료: 심층연구 집행률 - =ROUND(총액!F23/총액!D23*100,1)&"%"
2025-09-15 14:42:25,339 - INFO - 고급 KPI 카드 생성 완료: 예산 잔액 - =TEXT(총액!G23,"#,##0")
2025-09-15 14:42:25,339 - INFO - 현대적 차트 섹션 생성 시작 - 총액 시트 참조
2025-09-15 14:42:25,345 - WARNING - 차트 배경색 설정 실패: cannot import name 'RgbColor' from 'openpyxl.drawing.colors' (C:\Users\BB1\AppData\Local\Temp\_MEI236602\openpyxl\drawing\colors.py)
2025-09-15 14:42:25,345 - INFO - 현대적 예산 vs 집행 차트 생성 완료
2025-09-15 14:42:25,345 - INFO - 대시보드 예산과목별 지표 섹션 생성 시작
2025-09-15 14:42:25,377 - INFO - 예산목 컬럼 병합 처리 시작
2025-09-15 14:42:25,379 - INFO - 예산목 '운영비' 병합 완료: B29:B43
2025-09-15 14:42:25,379 - INFO - 예산목 '여비' 병합 완료: B44:B45
2025-09-15 14:42:25,379 - INFO - 예산목 '업무추진비' 병합 완료: B46:B47
2025-09-15 14:42:25,379 - INFO - 예산목 컬럼 병합 처리 완료
2025-09-15 14:42:25,379 - INFO - 세목 컬럼 병합 처리 시작
2025-09-15 14:42:25,379 - INFO - 세목 '일반수용비' 병합 완료: C29:C32
2025-09-15 14:42:25,379 - INFO - 세목 '공공요금및제세' 병합 완료: C33:C35
2025-09-15 14:42:25,379 - INFO - 세목 '복리후생비' 병합 완료: C40:C41
2025-09-15 14:42:25,379 - INFO - 세목 '일반용역비' 병합 완료: C42:C43
2025-09-15 14:42:25,379 - INFO - 세목 '사업추진비' 병합 완료: C46:C47
2025-09-15 14:42:25,379 - INFO - 세목 컬럼 병합 처리 완료
2025-09-15 14:42:25,379 - INFO - 대시보드 예산과목별 지표 섹션 생성 완료: 21개 항목
2025-09-15 14:42:25,379 - INFO - 현대적 대시보드 스타일링 적용 시작
2025-09-15 14:42:25,521 - INFO - 현대적 대시보드 스타일링 적용 완료
2025-09-15 14:42:25,541 - INFO - 총액 시트 스타일링 적용 완료
2025-09-15 14:42:25,541 - INFO - 총액 시트 생성 완료: 22건
2025-09-15 14:42:25,541 - INFO - 사업비 요약 시트 생성 시작
2025-09-15 14:42:25,541 - INFO - 예산과목별 집계 완료: 9개 항목
2025-09-15 14:42:25,553 - INFO - 예산 계산 완료
2025-09-15 14:42:25,553 - INFO - 사업비 요약 시트 생성 완료: 22건
2025-09-15 14:42:25,570 - INFO - 사업비 요약 시트 스타일링 적용 완료
2025-09-15 14:42:25,570 - INFO - 사업비 요약 시트 생성 완료: 22건
2025-09-15 14:42:25,570 - INFO - 연구비 요약 시트 생성 시작
2025-09-15 14:42:25,570 - INFO - 연구비 데이터 크기: (11, 23)
2025-09-15 14:42:25,570 - INFO - 연구비 데이터 컬럼: ['결의서', '발의일자', '번호', '적요', '작성자', '총지급액', '진행상태코드', '진행상태', '지출기한', '예산본부 부서코드', '예산부서', '지출일자', '결의서구분코드', '결의서구분', '요구부서코드', '요구부서', '내역사업코드', '내역사업', '예산과목코드', '예산과목', '증빙일자', '결재권자', '예산통제자']
2025-09-15 14:42:25,570 - INFO - 적요 샘플: ['25 심층연구(심리경향성) 지급수수료(자문회의)_김용세', '25 심층연구(AI) 지급수수료(공동연구수당)_박상헌(3/3)', '25 심층연구(AI) 지급수수료(자료처리요원)_박상헌(3/3)', '25 심층연구(AI) 회의비(프로그램개발)_박상헌(1011)', '25 심층연구(심리경향성) 회의비(업무협의)_김용세(1002)', '25 심층연구(근골격계) 지급수수료(채용)_박원일(1030)', '25 심층연구(AI) 소모품비(연구관리)_박상헌(1031)', '25 심층연구(AI) 회의비(연구관리)_박상헌(1030)', '25 심층연구(심리가이드북) 도서인쇄비(책자)_김영숙(1219)', '25 심층연구(근골격계) 회의비(결과보고)_박원일(0116)']
2025-09-15 14:42:25,570 - INFO - 사업비 요약 시트 생성 시작
2025-09-15 14:42:25,570 - INFO - 예산과목별 집계 완료: 7개 항목
2025-09-15 14:42:25,585 - INFO - 예산 계산 완료
2025-09-15 14:42:25,585 - INFO - 사업비 요약 시트 생성 완료: 22건
2025-09-15 14:42:25,589 - INFO - 총합 표 크기: (27, 7)
2025-09-15 14:42:25,589 - INFO - 적요 컬럼에서 연구주제/연구자 조합 추출 시작 (총 11건)
2025-09-15 14:42:25,589 - INFO - 조합 추가: (심리경향성, 김용세)
2025-09-15 14:42:25,589 - INFO - 조합 추가: (AI, 박상헌)
2025-09-15 14:42:25,589 - INFO - 조합 추가: (AI, 박상헌)
2025-09-15 14:42:25,589 - INFO - 조합 추가: (AI, 박상헌)
2025-09-15 14:42:25,589 - INFO - 조합 추가: (심리경향성, 김용세)
2025-09-15 14:42:25,591 - INFO - 조합 추가: (근골격계, 박원일)
2025-09-15 14:42:25,591 - INFO - 조합 추가: (AI, 박상헌)
2025-09-15 14:42:25,591 - INFO - 조합 추가: (AI, 박상헌)
2025-09-15 14:42:25,591 - INFO - 조합 추가: (심리가이드북, 김영숙)
2025-09-15 14:42:25,591 - INFO - 조합 추가: (근골격계, 박원일)
2025-09-15 14:42:25,591 - INFO - 조합 추가: (근골격계, 박원일)
2025-09-15 14:42:25,591 - INFO - 최종 추출된 조합: [('AI', '박상헌'), ('근골격계', '박원일'), ('심리가이드북', '김영숙'), ('심리경향성', '김용세')]
2025-09-15 14:42:25,591 - INFO - 추출된 연구주제/연구자 조합: [('AI', '박상헌'), ('근골격계', '박원일'), ('심리가이드북', '김영숙'), ('심리경향성', '김용세')]
2025-09-15 14:42:25,591 - INFO - 개별 표 생성 중: AI - 박상헌
2025-09-15 14:42:25,591 - INFO - 필터링된 데이터 건수: 5
2025-09-15 14:42:25,591 - INFO - 사업비 요약 시트 생성 시작
2025-09-15 14:42:25,591 - INFO - 예산과목별 집계 완료: 4개 항목
2025-09-15 14:42:25,601 - INFO - 예산 계산 완료
2025-09-15 14:42:25,601 - INFO - 사업비 요약 시트 생성 완료: 22건
2025-09-15 14:42:25,601 - INFO - 개별 표 생성 완료: AI - 박상헌
2025-09-15 14:42:25,601 - INFO - 개별 표 생성 중: 근골격계 - 박원일
2025-09-15 14:42:25,601 - INFO - 필터링된 데이터 건수: 3
2025-09-15 14:42:25,601 - INFO - 사업비 요약 시트 생성 시작
2025-09-15 14:42:25,601 - INFO - 예산과목별 집계 완료: 3개 항목
2025-09-15 14:42:25,616 - INFO - 예산 계산 완료
2025-09-15 14:42:25,616 - INFO - 사업비 요약 시트 생성 완료: 22건
2025-09-15 14:42:25,619 - INFO - 개별 표 생성 완료: 근골격계 - 박원일
2025-09-15 14:42:25,619 - INFO - 개별 표 생성 중: 심리가이드북 - 김영숙
2025-09-15 14:42:25,619 - INFO - 필터링된 데이터 건수: 1
2025-09-15 14:42:25,619 - INFO - 사업비 요약 시트 생성 시작
2025-09-15 14:42:25,619 - INFO - 예산과목별 집계 완료: 1개 항목
2025-09-15 14:42:25,629 - INFO - 예산 계산 완료
2025-09-15 14:42:25,629 - INFO - 사업비 요약 시트 생성 완료: 22건
2025-09-15 14:42:25,629 - INFO - 개별 표 생성 완료: 심리가이드북 - 김영숙
2025-09-15 14:42:25,629 - INFO - 개별 표 생성 중: 심리경향성 - 김용세
2025-09-15 14:42:25,632 - INFO - 필터링된 데이터 건수: 2
2025-09-15 14:42:25,632 - INFO - 사업비 요약 시트 생성 시작
2025-09-15 14:42:25,632 - INFO - 예산과목별 집계 완료: 2개 항목
2025-09-15 14:42:25,639 - INFO - 예산 계산 완료
2025-09-15 14:42:25,639 - INFO - 사업비 요약 시트 생성 완료: 22건
2025-09-15 14:42:25,639 - INFO - 개별 표 생성 완료: 심리경향성 - 김용세
2025-09-15 14:42:25,639 - INFO - 총 4개의 개별 표 생성됨
2025-09-15 14:42:25,639 - INFO - 개별 표 개수: 4
2025-09-15 14:42:25,639 - INFO - 연구비 요약 시트 생성 완료: 139건
2025-09-15 14:42:25,649 - INFO - 식별된 표 경계: [('총합', 1, 23), ('AI 박상헌', 30, 52), ('근골격계 박원일', 58, 80), ('심리가이드북 김영숙', 86, 108), ('심리경향성 김용세', 114, 136)]
2025-09-15 14:42:25,659 - INFO - 계산된 예산목 merge 범위: 35개
2025-09-15 14:42:25,665 - INFO - 식별된 표 경계: [('총합', 1, 23), ('AI 박상헌', 30, 52), ('근골격계 박원일', 58, 80), ('심리가이드북 김영숙', 86, 108), ('심리경향성 김용세', 114, 136)]
2025-09-15 14:42:25,670 - INFO - 계산된 세목 merge 범위: 75개
2025-09-15 14:42:25,670 - INFO - 식별된 표 경계: [('총합', 1, 23), ('AI 박상헌', 30, 52), ('근골격계 박원일', 58, 80), ('심리가이드북 김영숙', 86, 108), ('심리경향성 김용세', 114, 136)]
2025-09-15 14:42:25,670 - INFO - 예산과목별 행 매핑 완료: 5개 표
2025-09-15 14:42:25,679 - INFO - 총합 표 Excel 함수 적용 완료
2025-09-15 14:42:25,749 - INFO - 사업비 요약 시트 스타일링 적용 완료
2025-09-15 14:42:25,749 - INFO - 연구비 요약 시트 생성 완료: 139건
2025-09-15 14:42:25,749 - INFO - 발의일자 컬럼 날짜 형식 처리 완료
2025-09-15 14:42:25,754 - INFO - 집행관리(사업비) 시트 생성 완료: 35건
2025-09-15 14:42:25,754 - INFO - 발의일자 컬럼 날짜 형식 처리 완료
2025-09-15 14:42:25,754 - INFO - 집행관리(연구비) 시트 생성 완료: 11건
2025-09-15 14:42:25,754 - INFO - 현재 시트 순서: ['대시보드', '총액', '사업비', '연구비', '집행관리(사업비)', '집행관리(연구비)']
2025-09-15 14:42:25,754 - INFO - 최종 시트 순서: ['대시보드', '총액', '사업비', '연구비', '집행관리(사업비)', '집행관리(연구비)']
2025-09-15 14:42:25,842 - INFO - Excel 파일 출력 완료: C:/Users/BB1/Desktop/업무/연구비자동화/KISS-/test/연구비_집행관리.xlsx
2025-09-15 14:42:26,805 - INFO - xlwings 사용 가능 확인
2025-09-15 14:42:26,805 - INFO - 대화형 피벗 테이블 생성 시작: C:/Users/BB1/Desktop/업무/연구비자동화/KISS-/test/연구비_집행관리.xlsx
2025-09-15 14:42:28,553 - INFO - 예산분석용 세로형 데이터 시트 생성 시작
2025-09-15 14:42:28,568 - INFO - 원본 데이터 범위: $A$1:$H$23, 행 수: 23
2025-09-15 14:42:28,654 - INFO - 새 예산분석데이터 시트 생성: 예산분석데이터
2025-09-15 14:42:30,872 - INFO - 예산분석용 세로형 데이터 생성 완료: 85개 행
2025-09-15 14:42:30,942 - INFO - 예산분석 데이터 시트 저장 완료
2025-09-15 14:42:30,952 - INFO - 세로형 데이터 범위: $A$1:$C$85
2025-09-15 14:42:30,952 - INFO - 소스 데이터 범위: $A$1:$C$85
2025-09-15 14:42:30,952 - INFO - 피벗 테이블 생성 중... 대상: 예산분석데이터 E5
2025-09-15 14:42:31,007 - INFO - 피벗 테이블 기본 구조 생성 완료
2025-09-15 14:42:31,007 - INFO - 필드 배치 시작...
2025-09-15 14:42:31,007 - INFO - 예산과목 필드를 행 필드로 설정 중...
2025-09-15 14:42:31,049 - INFO - 예산과목 행 필드 설정 완료
2025-09-15 14:42:31,049 - INFO - 특성 필드를 열 필드로 설정 중...
2025-09-15 14:42:31,078 - INFO - 특성 열 필드 설정 완료
2025-09-15 14:42:31,078 - INFO - 값 필드를 데이터 필드로 설정 중...
2025-09-15 14:42:31,094 - INFO - 피벗 테이블 사용 가능한 필드들: ['예산과목', '특성', '값2']
2025-09-15 14:42:31,094 - INFO - 사용할 값 필드명: 값2
2025-09-15 14:42:31,142 - INFO - 값 데이터 필드 추가 완료
2025-09-15 14:42:31,142 - INFO - 총합계 행과 열 제거 중...
2025-09-15 14:42:31,145 - INFO - 행 총합계 제거 완료
2025-09-15 14:42:31,173 - INFO - 열 총합계 제거 완료
2025-09-15 14:42:31,173 - INFO - 피벗 테이블 필드 설정 완료
2025-09-15 14:42:31,173 - INFO - 피벗 테이블 필드 구성 완료
2025-09-15 14:42:31,252 - INFO - 대화형 피벗 테이블 생성 완료
2025-09-15 14:42:31,615 - INFO - 대화형 피벗 테이블 추가 완료
2025-09-15 14:42:31,615 - INFO - 연도별 예산 비교 테이블 생성 시작: C:/Users/BB1/Desktop/업무/연구비자동화/KISS-/test/연구비_집행관리.xlsx
2025-09-15 14:42:32,407 - INFO - 연도별 예산 세로형 데이터 시트 생성 시작
2025-09-15 14:42:32,564 - INFO - 새 연도별예산데이터 시트 생성: 연도별예산데이터
2025-09-15 14:42:34,184 - INFO - 연도별 예산 세로형 데이터 생성 완료: 92개 행
2025-09-15 14:42:34,390 - INFO - 연도별 예산 데이터 시트 저장 완료
2025-09-15 14:42:34,406 - INFO - 기존 대시보드 시트 사용
2025-09-15 14:42:34,406 - INFO - 연도별 데이터 범위: $A$1:$C$92
2025-09-15 14:42:34,406 - INFO - 소스 데이터 범위: $A$1:$C$92
2025-09-15 14:42:34,406 - INFO - 연도별 피벗 테이블 생성 중... 대상: 연도별예산데이터 E5
2025-09-15 14:42:34,455 - INFO - 연도별 피벗 테이블 기본 구조 생성 완료
2025-09-15 14:42:34,455 - INFO - 필드 배치 시작...
2025-09-15 14:42:34,455 - INFO - 예산과목 필드를 행 필드로 설정 중...
2025-09-15 14:42:34,500 - INFO - 예산과목 행 필드 설정 완료
2025-09-15 14:42:34,500 - INFO - 연도 필드를 열 필드로 설정 중...
2025-09-15 14:42:34,548 - INFO - 연도 열 필드 설정 완료
2025-09-15 14:42:34,548 - INFO - 예산금액 필드를 데이터 필드로 설정 중...
2025-09-15 14:42:34,548 - INFO - 피벗 테이블 사용 가능한 필드들: ['연도', '예산과목', '예산금액']
2025-09-15 14:42:34,579 - INFO - 예산금액 데이터 필드 추가 완료
2025-09-15 14:42:34,579 - INFO - 총합계 행과 열 제거 중...
2025-09-15 14:42:34,595 - INFO - 행 총합계 제거 완료
2025-09-15 14:42:34,626 - INFO - 열 총합계 제거 완료
2025-09-15 14:42:34,645 - INFO - 피벗 테이블 스타일 적용 완료
2025-09-15 14:42:34,645 - INFO - 연도별 예산 비교 피벗 테이블 생성 완료
2025-09-15 14:42:34,737 - INFO - 대시보드 시트에 연도별 예산 비교 제목 및 안내문 추가 완료
2025-09-15 14:42:34,866 - INFO - 대시보드 시트에 연도별 예산 비교 차트 추가 완료 (B53 정렬)
2025-09-15 14:42:34,922 - INFO - 대시보드 시트에 연도 슬라이서 추가 완료
2025-09-15 14:42:34,985 - INFO - 대시보드 시트에 예산과목 슬라이서 추가 완료
2025-09-15 14:42:35,071 - INFO - 대시보드에 측정항목 슬라이서 추가 완료 (차트 상단)
2025-09-15 14:42:35,081 - INFO - 대시보드에 예산과목 슬라이서 추가 완료 (측정항목 아래)
2025-09-15 14:42:35,081 - INFO - 대시보드에 예산분석 차트와 슬라이서 추가 완료 (측정항목→예산과목 순서)
2025-09-15 14:42:35,151 - INFO - 연도별 예산 비교 테이블 생성 완료 (대시보드 시트에 배치)
2025-09-15 14:42:35,459 - INFO - 연도별 예산 비교 테이블 추가 완료
2025-09-15 14:42:35,459 - INFO - 전체 시트 순서 조정 시작
2025-09-15 14:42:36,304 - INFO - 현재 시트 순서: ['연도별예산데이터', '예산분석데이터', '대시보드', '총액', '사업비', '연구비', '집행관리(사업비)', '집행관리(연구비)']
2025-09-15 14:42:36,811 - INFO - 최종 시트 순서: ['대시보드', '총액', '사업비', '연구비', '집행관리(사업비)', '집행관리(연구비)', '연도별예산데이터', '예산분석데이터']
2025-09-15 14:42:36,874 - INFO - 시트 순서 조정 완료
2025-09-15 14:42:37,114 - INFO - 전체 시트 순서 조정 완료
2025-09-15 14:42:38,950 - INFO - Excel 파일 저장 완료: C:/Users/BB1/Desktop/업무/연구비자동화/KISS-/test/연구비_집행관리.xlsx
2025-09-15 14:42:39,953 - INFO - 연구비 처리 자동화 프로그램 종료
